2025-03-17 21:07:47.253 +01:00 [INF] User profile is available. Using 'C:\Users\ostat\AppData\Local\ASP.NET\DataProtection-Keys' as key repository and Windows DPAPI to encrypt keys at rest.
2025-03-17 21:07:47.560 +01:00 [WRN] Overriding address(es) 'https://localhost:7299'. Binding to endpoints defined via IConfiguration and/or UseKestrel() instead.
2025-03-17 21:07:47.644 +01:00 [INF] Now listening on: https://localhost:7299
2025-03-17 21:07:47.646 +01:00 [INF] Application started. Press Ctrl+C to shut down.
2025-03-17 21:07:47.646 +01:00 [INF] Hosting environment: Development
2025-03-17 21:07:47.647 +01:00 [INF] Content root path: E:\jurmaps2
2025-03-17 21:07:50.832 +01:00 [INF] Request starting HTTP/2 GET https://localhost:7299/ - -
2025-03-17 21:07:54.981 +01:00 [INF] No SPA development server running at http://localhost:3000 found.
2025-03-17 21:07:55.084 +01:00 [INF] SPA proxy is not ready. Returning temporary landing page.
2025-03-17 21:07:55.089 +01:00 [INF] Request finished HTTP/2 GET https://localhost:7299/ - - - 200 - text/html 4258.3573ms
2025-03-17 21:07:55.169 +01:00 [INF] Request starting HTTP/2 GET https://localhost:7299/favicon.ico - -
2025-03-17 21:07:56.200 +01:00 [INF] Request finished HTTP/2 GET https://localhost:7299/favicon.ico - - - 404 0 - 1031.5251ms
2025-03-17 21:07:58.151 +01:00 [INF] Request starting HTTP/2 GET https://localhost:7299/ - -
2025-03-17 21:08:02.213 +01:00 [INF] SPA proxy is not ready. Returning temporary landing page.
2025-03-17 21:08:02.214 +01:00 [INF] Request finished HTTP/2 GET https://localhost:7299/ - - - 200 - text/html 4063.1412ms
2025-03-17 21:08:05.240 +01:00 [INF] Request starting HTTP/2 GET https://localhost:7299/ - -
2025-03-17 21:08:15.251 +01:00 [INF] SPA proxy is not ready. Returning temporary landing page.
2025-03-17 21:08:15.252 +01:00 [INF] Request finished HTTP/2 GET https://localhost:7299/ - - - 200 - text/html 10011.9632ms
2025-03-17 21:08:18.268 +01:00 [INF] Request starting HTTP/2 GET https://localhost:7299/ - -
2025-03-17 21:08:28.276 +01:00 [INF] SPA proxy is not ready. Returning temporary landing page.
2025-03-17 21:08:28.277 +01:00 [INF] Request finished HTTP/2 GET https://localhost:7299/ - - - 200 - text/html 10009.3392ms
2025-03-17 21:08:31.315 +01:00 [INF] Request starting HTTP/2 GET https://localhost:7299/ - -
2025-03-17 21:08:40.701 +01:00 [INF] SPA proxy is ready. Redirecting to http://localhost:3000.
2025-03-17 21:08:40.703 +01:00 [INF] Request finished HTTP/2 GET https://localhost:7299/ - - - 302 0 - 9387.6468ms
2025-03-17 21:08:40.707 +01:00 [INF] SPA development server running at 'http://localhost:3000'
2025-03-17 21:08:41.982 +01:00 [INF] Request starting HTTP/2 OPTIONS https://localhost:7299/api/auth/checkifuserisadmin - -
2025-03-17 21:08:41.992 +01:00 [INF] CORS policy execution successful.
2025-03-17 21:08:41.995 +01:00 [INF] Request finished HTTP/2 OPTIONS https://localhost:7299/api/auth/checkifuserisadmin - - - 204 - - 13.0979ms
2025-03-17 21:08:42.005 +01:00 [INF] Request starting HTTP/2 GET https://localhost:7299/api/auth/checkifuserisadmin application/json -
2025-03-17 21:08:42.007 +01:00 [INF] CORS policy execution successful.
2025-03-17 21:08:42.014 +01:00 [INF] Request starting HTTP/2 OPTIONS https://localhost:7299/api/auth/getuserprofilepicture - -
2025-03-17 21:08:42.018 +01:00 [INF] CORS policy execution successful.
2025-03-17 21:08:42.019 +01:00 [INF] Request finished HTTP/2 OPTIONS https://localhost:7299/api/auth/getuserprofilepicture - - - 204 - - 5.1466ms
2025-03-17 21:08:42.022 +01:00 [INF] Request starting HTTP/2 GET https://localhost:7299/api/auth/getuserprofilepicture application/json -
2025-03-17 21:08:42.022 +01:00 [INF] CORS policy execution successful.
2025-03-17 21:08:42.180 +01:00 [INF] Failed to validate the token.
Microsoft.IdentityModel.Tokens.SecurityTokenExpiredException: IDX10223: Lifetime validation failed. The token is expired. ValidTo (UTC): '16.03.2025 23:36:10', Current time (UTC): '17.03.2025 20:08:42'.
   at Microsoft.IdentityModel.Tokens.ValidatorUtilities.ValidateLifetime(Nullable`1 notBefore, Nullable`1 expires, SecurityToken securityToken, TokenValidationParameters validationParameters)
   at Microsoft.IdentityModel.Tokens.Validators.ValidateLifetime(Nullable`1 notBefore, Nullable`1 expires, SecurityToken securityToken, TokenValidationParameters validationParameters)
   at System.IdentityModel.Tokens.Jwt.JwtSecurityTokenHandler.ValidateLifetime(Nullable`1 notBefore, Nullable`1 expires, JwtSecurityToken jwtToken, TokenValidationParameters validationParameters)
   at System.IdentityModel.Tokens.Jwt.JwtSecurityTokenHandler.ValidateTokenPayload(JwtSecurityToken jwtToken, TokenValidationParameters validationParameters, BaseConfiguration configuration)
   at System.IdentityModel.Tokens.Jwt.JwtSecurityTokenHandler.ValidateJWS(String token, TokenValidationParameters validationParameters, BaseConfiguration currentConfiguration, SecurityToken& signatureValidatedToken, ExceptionDispatchInfo& exceptionThrown)
--- End of stack trace from previous location ---
   at System.IdentityModel.Tokens.Jwt.JwtSecurityTokenHandler.ValidateToken(String token, JwtSecurityToken outerToken, TokenValidationParameters validationParameters, SecurityToken& signatureValidatedToken)
   at System.IdentityModel.Tokens.Jwt.JwtSecurityTokenHandler.ValidateToken(String token, TokenValidationParameters validationParameters, SecurityToken& validatedToken)
   at Microsoft.AspNetCore.Authentication.JwtBearer.JwtBearerHandler.HandleAuthenticateAsync()
2025-03-17 21:08:42.180 +01:00 [INF] Failed to validate the token.
Microsoft.IdentityModel.Tokens.SecurityTokenExpiredException: IDX10223: Lifetime validation failed. The token is expired. ValidTo (UTC): '16.03.2025 23:36:10', Current time (UTC): '17.03.2025 20:08:42'.
   at Microsoft.IdentityModel.Tokens.ValidatorUtilities.ValidateLifetime(Nullable`1 notBefore, Nullable`1 expires, SecurityToken securityToken, TokenValidationParameters validationParameters)
   at Microsoft.IdentityModel.Tokens.Validators.ValidateLifetime(Nullable`1 notBefore, Nullable`1 expires, SecurityToken securityToken, TokenValidationParameters validationParameters)
   at System.IdentityModel.Tokens.Jwt.JwtSecurityTokenHandler.ValidateLifetime(Nullable`1 notBefore, Nullable`1 expires, JwtSecurityToken jwtToken, TokenValidationParameters validationParameters)
   at System.IdentityModel.Tokens.Jwt.JwtSecurityTokenHandler.ValidateTokenPayload(JwtSecurityToken jwtToken, TokenValidationParameters validationParameters, BaseConfiguration configuration)
   at System.IdentityModel.Tokens.Jwt.JwtSecurityTokenHandler.ValidateJWS(String token, TokenValidationParameters validationParameters, BaseConfiguration currentConfiguration, SecurityToken& signatureValidatedToken, ExceptionDispatchInfo& exceptionThrown)
--- End of stack trace from previous location ---
   at System.IdentityModel.Tokens.Jwt.JwtSecurityTokenHandler.ValidateToken(String token, JwtSecurityToken outerToken, TokenValidationParameters validationParameters, SecurityToken& signatureValidatedToken)
   at System.IdentityModel.Tokens.Jwt.JwtSecurityTokenHandler.ValidateToken(String token, TokenValidationParameters validationParameters, SecurityToken& validatedToken)
   at Microsoft.AspNetCore.Authentication.JwtBearer.JwtBearerHandler.HandleAuthenticateAsync()
2025-03-17 21:08:42.266 +01:00 [INF] Bearer was not authenticated. Failure message: IDX10223: Lifetime validation failed. The token is expired. ValidTo (UTC): '16.03.2025 23:36:10', Current time (UTC): '17.03.2025 20:08:42'.
2025-03-17 21:08:42.267 +01:00 [INF] Bearer was not authenticated. Failure message: IDX10223: Lifetime validation failed. The token is expired. ValidTo (UTC): '16.03.2025 23:36:10', Current time (UTC): '17.03.2025 20:08:42'.
2025-03-17 21:08:42.270 +01:00 [INF] Executing endpoint 'JurMaps.Controllers.AuthController.GetUserProfilePicture (JurMaps)'
2025-03-17 21:08:42.270 +01:00 [INF] Executing endpoint 'JurMaps.Controllers.AuthController.CheckIfUserIsAdmin (JurMaps)'
2025-03-17 21:08:42.337 +01:00 [INF] Route matched with {action = "CheckIfUserIsAdmin", controller = "Auth"}. Executing controller action with signature System.Threading.Tasks.Task`1[ControllerResult`1[System.Boolean]] CheckIfUserIsAdmin(System.String) on controller JurMaps.Controllers.AuthController (JurMaps).
2025-03-17 21:08:42.337 +01:00 [INF] Route matched with {action = "GetUserProfilePicture", controller = "Auth"}. Executing controller action with signature System.Threading.Tasks.Task`1[ControllerResult`1[System.String]] GetUserProfilePicture(System.String) on controller JurMaps.Controllers.AuthController (JurMaps).
2025-03-17 21:08:51.789 +01:00 [INF] Executing ObjectResult, writing value of type 'ControllerResult`1[[System.Boolean, System.Private.CoreLib, Version=7.0.0.0, Culture=neutral, PublicKeyToken=7cec85d7bea7798e]]'.
2025-03-17 21:08:51.883 +01:00 [INF] Executed action JurMaps.Controllers.AuthController.CheckIfUserIsAdmin (JurMaps) in 9541.0355ms
2025-03-17 21:08:51.886 +01:00 [INF] Executed endpoint 'JurMaps.Controllers.AuthController.CheckIfUserIsAdmin (JurMaps)'
2025-03-17 21:08:51.888 +01:00 [INF] Request finished HTTP/2 GET https://localhost:7299/api/auth/checkifuserisadmin application/json - - 200 - application/json;+charset=utf-8 9883.3593ms
2025-03-17 21:08:51.948 +01:00 [INF] Request starting HTTP/2 OPTIONS https://localhost:7299/api/auth/checkifuserisadmin - -
2025-03-17 21:08:51.949 +01:00 [INF] CORS policy execution successful.
2025-03-17 21:08:51.953 +01:00 [INF] Request finished HTTP/2 OPTIONS https://localhost:7299/api/auth/checkifuserisadmin - - - 204 - - 4.9891ms
2025-03-17 21:08:51.954 +01:00 [INF] Request starting HTTP/2 GET https://localhost:7299/api/auth/checkifuserisadmin application/json -
2025-03-17 21:08:51.955 +01:00 [INF] CORS policy execution successful.
2025-03-17 21:08:51.958 +01:00 [INF] Failed to validate the token.
Microsoft.IdentityModel.Tokens.SecurityTokenExpiredException: IDX10223: Lifetime validation failed. The token is expired. ValidTo (UTC): '16.03.2025 23:36:10', Current time (UTC): '17.03.2025 20:08:51'.
   at Microsoft.IdentityModel.Tokens.ValidatorUtilities.ValidateLifetime(Nullable`1 notBefore, Nullable`1 expires, SecurityToken securityToken, TokenValidationParameters validationParameters)
   at Microsoft.IdentityModel.Tokens.Validators.ValidateLifetime(Nullable`1 notBefore, Nullable`1 expires, SecurityToken securityToken, TokenValidationParameters validationParameters)
   at System.IdentityModel.Tokens.Jwt.JwtSecurityTokenHandler.ValidateLifetime(Nullable`1 notBefore, Nullable`1 expires, JwtSecurityToken jwtToken, TokenValidationParameters validationParameters)
   at System.IdentityModel.Tokens.Jwt.JwtSecurityTokenHandler.ValidateTokenPayload(JwtSecurityToken jwtToken, TokenValidationParameters validationParameters, BaseConfiguration configuration)
   at System.IdentityModel.Tokens.Jwt.JwtSecurityTokenHandler.ValidateJWS(String token, TokenValidationParameters validationParameters, BaseConfiguration currentConfiguration, SecurityToken& signatureValidatedToken, ExceptionDispatchInfo& exceptionThrown)
--- End of stack trace from previous location ---
   at System.IdentityModel.Tokens.Jwt.JwtSecurityTokenHandler.ValidateToken(String token, JwtSecurityToken outerToken, TokenValidationParameters validationParameters, SecurityToken& signatureValidatedToken)
   at System.IdentityModel.Tokens.Jwt.JwtSecurityTokenHandler.ValidateToken(String token, TokenValidationParameters validationParameters, SecurityToken& validatedToken)
   at Microsoft.AspNetCore.Authentication.JwtBearer.JwtBearerHandler.HandleAuthenticateAsync()
2025-03-17 21:08:51.964 +01:00 [INF] Bearer was not authenticated. Failure message: IDX10223: Lifetime validation failed. The token is expired. ValidTo (UTC): '16.03.2025 23:36:10', Current time (UTC): '17.03.2025 20:08:51'.
2025-03-17 21:08:51.965 +01:00 [INF] Executing endpoint 'JurMaps.Controllers.AuthController.CheckIfUserIsAdmin (JurMaps)'
2025-03-17 21:08:51.967 +01:00 [INF] Route matched with {action = "CheckIfUserIsAdmin", controller = "Auth"}. Executing controller action with signature System.Threading.Tasks.Task`1[ControllerResult`1[System.Boolean]] CheckIfUserIsAdmin(System.String) on controller JurMaps.Controllers.AuthController (JurMaps).
2025-03-17 21:08:51.983 +01:00 [INF] Executing ObjectResult, writing value of type 'ControllerResult`1[[System.Boolean, System.Private.CoreLib, Version=7.0.0.0, Culture=neutral, PublicKeyToken=7cec85d7bea7798e]]'.
2025-03-17 21:08:51.987 +01:00 [INF] Executed action JurMaps.Controllers.AuthController.CheckIfUserIsAdmin (JurMaps) in 18.9251ms
2025-03-17 21:08:51.988 +01:00 [INF] Request starting HTTP/2 OPTIONS https://localhost:7299/api/auth/getuserprofilepicture - -
2025-03-17 21:08:51.989 +01:00 [INF] Executed endpoint 'JurMaps.Controllers.AuthController.CheckIfUserIsAdmin (JurMaps)'
2025-03-17 21:08:51.990 +01:00 [INF] CORS policy execution successful.
2025-03-17 21:08:51.991 +01:00 [INF] Request finished HTTP/2 GET https://localhost:7299/api/auth/checkifuserisadmin application/json - - 200 - application/json;+charset=utf-8 37.0340ms
2025-03-17 21:08:51.992 +01:00 [INF] Request finished HTTP/2 OPTIONS https://localhost:7299/api/auth/getuserprofilepicture - - - 204 - - 3.9290ms
2025-03-17 21:08:54.469 +01:00 [INF] Executed DbCommand (20ms) [Parameters=[@__userId_0='?' (DbType = Int32)], CommandType='"Text"', CommandTimeout='30']
SELECT u."UserId", u."IsVerified", u."LastVerificationEmailSent", u."ResetPasswordToken", u."ResetPasswordTokenExpiration", u."UserCreatedDate", u."UserEmail", u."UserName", u."UserPassword", u."UserProfilePicture", u."UserRoleId", u."VerificationToken", u."VerificationTokenExpiration"
FROM "Users" AS u
WHERE u."UserId" = @__userId_0
LIMIT 1
2025-03-17 21:08:54.533 +01:00 [INF] Executing ObjectResult, writing value of type 'ControllerResult`1[[System.String, System.Private.CoreLib, Version=7.0.0.0, Culture=neutral, PublicKeyToken=7cec85d7bea7798e]]'.
2025-03-17 21:08:54.535 +01:00 [INF] Executed action JurMaps.Controllers.AuthController.GetUserProfilePicture (JurMaps) in 12194.4729ms
2025-03-17 21:08:54.536 +01:00 [INF] Request starting HTTP/2 GET https://localhost:7299/api/auth/getuserprofilepicture application/json -
2025-03-17 21:08:54.537 +01:00 [INF] Executed endpoint 'JurMaps.Controllers.AuthController.GetUserProfilePicture (JurMaps)'
2025-03-17 21:08:54.537 +01:00 [INF] CORS policy execution successful.
2025-03-17 21:08:54.539 +01:00 [INF] Failed to validate the token.
Microsoft.IdentityModel.Tokens.SecurityTokenExpiredException: IDX10223: Lifetime validation failed. The token is expired. ValidTo (UTC): '16.03.2025 23:36:10', Current time (UTC): '17.03.2025 20:08:54'.
   at Microsoft.IdentityModel.Tokens.ValidatorUtilities.ValidateLifetime(Nullable`1 notBefore, Nullable`1 expires, SecurityToken securityToken, TokenValidationParameters validationParameters)
   at Microsoft.IdentityModel.Tokens.Validators.ValidateLifetime(Nullable`1 notBefore, Nullable`1 expires, SecurityToken securityToken, TokenValidationParameters validationParameters)
   at System.IdentityModel.Tokens.Jwt.JwtSecurityTokenHandler.ValidateLifetime(Nullable`1 notBefore, Nullable`1 expires, JwtSecurityToken jwtToken, TokenValidationParameters validationParameters)
   at System.IdentityModel.Tokens.Jwt.JwtSecurityTokenHandler.ValidateTokenPayload(JwtSecurityToken jwtToken, TokenValidationParameters validationParameters, BaseConfiguration configuration)
   at System.IdentityModel.Tokens.Jwt.JwtSecurityTokenHandler.ValidateJWS(String token, TokenValidationParameters validationParameters, BaseConfiguration currentConfiguration, SecurityToken& signatureValidatedToken, ExceptionDispatchInfo& exceptionThrown)
--- End of stack trace from previous location ---
   at System.IdentityModel.Tokens.Jwt.JwtSecurityTokenHandler.ValidateToken(String token, JwtSecurityToken outerToken, TokenValidationParameters validationParameters, SecurityToken& signatureValidatedToken)
   at System.IdentityModel.Tokens.Jwt.JwtSecurityTokenHandler.ValidateToken(String token, TokenValidationParameters validationParameters, SecurityToken& validatedToken)
   at Microsoft.AspNetCore.Authentication.JwtBearer.JwtBearerHandler.HandleAuthenticateAsync()
2025-03-17 21:08:54.544 +01:00 [INF] Bearer was not authenticated. Failure message: IDX10223: Lifetime validation failed. The token is expired. ValidTo (UTC): '16.03.2025 23:36:10', Current time (UTC): '17.03.2025 20:08:54'.
2025-03-17 21:08:54.544 +01:00 [INF] Request finished HTTP/2 GET https://localhost:7299/api/auth/getuserprofilepicture application/json - - 200 - application/json;+charset=utf-8 12522.5303ms
2025-03-17 21:08:54.545 +01:00 [INF] Executing endpoint 'JurMaps.Controllers.AuthController.GetUserProfilePicture (JurMaps)'
2025-03-17 21:08:54.546 +01:00 [INF] Route matched with {action = "GetUserProfilePicture", controller = "Auth"}. Executing controller action with signature System.Threading.Tasks.Task`1[ControllerResult`1[System.String]] GetUserProfilePicture(System.String) on controller JurMaps.Controllers.AuthController (JurMaps).
2025-03-17 21:08:54.568 +01:00 [INF] Executed DbCommand (5ms) [Parameters=[@__userId_0='?' (DbType = Int32)], CommandType='"Text"', CommandTimeout='30']
SELECT u."UserId", u."IsVerified", u."LastVerificationEmailSent", u."ResetPasswordToken", u."ResetPasswordTokenExpiration", u."UserCreatedDate", u."UserEmail", u."UserName", u."UserPassword", u."UserProfilePicture", u."UserRoleId", u."VerificationToken", u."VerificationTokenExpiration"
FROM "Users" AS u
WHERE u."UserId" = @__userId_0
LIMIT 1
2025-03-17 21:08:54.572 +01:00 [INF] Executing ObjectResult, writing value of type 'ControllerResult`1[[System.String, System.Private.CoreLib, Version=7.0.0.0, Culture=neutral, PublicKeyToken=7cec85d7bea7798e]]'.
2025-03-17 21:08:54.573 +01:00 [INF] Executed action JurMaps.Controllers.AuthController.GetUserProfilePicture (JurMaps) in 25.7621ms
2025-03-17 21:08:54.574 +01:00 [INF] Executed endpoint 'JurMaps.Controllers.AuthController.GetUserProfilePicture (JurMaps)'
2025-03-17 21:08:54.576 +01:00 [INF] Request finished HTTP/2 GET https://localhost:7299/api/auth/getuserprofilepicture application/json - - 200 - application/json;+charset=utf-8 39.2246ms
2025-03-17 21:08:54.579 +01:00 [INF] Request starting HTTP/2 GET https://localhost:7299/api/auth/checkifuserisadmin application/json -
2025-03-17 21:08:54.580 +01:00 [INF] CORS policy execution successful.
2025-03-17 21:08:54.582 +01:00 [INF] Failed to validate the token.
Microsoft.IdentityModel.Tokens.SecurityTokenExpiredException: IDX10223: Lifetime validation failed. The token is expired. ValidTo (UTC): '16.03.2025 23:36:10', Current time (UTC): '17.03.2025 20:08:54'.
   at Microsoft.IdentityModel.Tokens.ValidatorUtilities.ValidateLifetime(Nullable`1 notBefore, Nullable`1 expires, SecurityToken securityToken, TokenValidationParameters validationParameters)
   at Microsoft.IdentityModel.Tokens.Validators.ValidateLifetime(Nullable`1 notBefore, Nullable`1 expires, SecurityToken securityToken, TokenValidationParameters validationParameters)
   at System.IdentityModel.Tokens.Jwt.JwtSecurityTokenHandler.ValidateLifetime(Nullable`1 notBefore, Nullable`1 expires, JwtSecurityToken jwtToken, TokenValidationParameters validationParameters)
   at System.IdentityModel.Tokens.Jwt.JwtSecurityTokenHandler.ValidateTokenPayload(JwtSecurityToken jwtToken, TokenValidationParameters validationParameters, BaseConfiguration configuration)
   at System.IdentityModel.Tokens.Jwt.JwtSecurityTokenHandler.ValidateJWS(String token, TokenValidationParameters validationParameters, BaseConfiguration currentConfiguration, SecurityToken& signatureValidatedToken, ExceptionDispatchInfo& exceptionThrown)
--- End of stack trace from previous location ---
   at System.IdentityModel.Tokens.Jwt.JwtSecurityTokenHandler.ValidateToken(String token, JwtSecurityToken outerToken, TokenValidationParameters validationParameters, SecurityToken& signatureValidatedToken)
   at System.IdentityModel.Tokens.Jwt.JwtSecurityTokenHandler.ValidateToken(String token, TokenValidationParameters validationParameters, SecurityToken& validatedToken)
   at Microsoft.AspNetCore.Authentication.JwtBearer.JwtBearerHandler.HandleAuthenticateAsync()
2025-03-17 21:08:54.586 +01:00 [INF] Bearer was not authenticated. Failure message: IDX10223: Lifetime validation failed. The token is expired. ValidTo (UTC): '16.03.2025 23:36:10', Current time (UTC): '17.03.2025 20:08:54'.
2025-03-17 21:08:54.587 +01:00 [INF] Executing endpoint 'JurMaps.Controllers.AuthController.CheckIfUserIsAdmin (JurMaps)'
2025-03-17 21:08:54.587 +01:00 [INF] Route matched with {action = "CheckIfUserIsAdmin", controller = "Auth"}. Executing controller action with signature System.Threading.Tasks.Task`1[ControllerResult`1[System.Boolean]] CheckIfUserIsAdmin(System.String) on controller JurMaps.Controllers.AuthController (JurMaps).
2025-03-17 21:08:54.592 +01:00 [INF] Executing ObjectResult, writing value of type 'ControllerResult`1[[System.Boolean, System.Private.CoreLib, Version=7.0.0.0, Culture=neutral, PublicKeyToken=7cec85d7bea7798e]]'.
2025-03-17 21:08:54.593 +01:00 [INF] Executed action JurMaps.Controllers.AuthController.CheckIfUserIsAdmin (JurMaps) in 3.9035ms
2025-03-17 21:08:54.594 +01:00 [INF] Executed endpoint 'JurMaps.Controllers.AuthController.CheckIfUserIsAdmin (JurMaps)'
2025-03-17 21:08:54.595 +01:00 [INF] Request finished HTTP/2 GET https://localhost:7299/api/auth/checkifuserisadmin application/json - - 200 - application/json;+charset=utf-8 16.1792ms
2025-03-17 21:08:54.601 +01:00 [INF] Request starting HTTP/2 GET https://localhost:7299/api/auth/getuserprofilepicture application/json -
2025-03-17 21:08:54.601 +01:00 [INF] CORS policy execution successful.
2025-03-17 21:08:54.603 +01:00 [INF] Failed to validate the token.
Microsoft.IdentityModel.Tokens.SecurityTokenExpiredException: IDX10223: Lifetime validation failed. The token is expired. ValidTo (UTC): '16.03.2025 23:36:10', Current time (UTC): '17.03.2025 20:08:54'.
   at Microsoft.IdentityModel.Tokens.ValidatorUtilities.ValidateLifetime(Nullable`1 notBefore, Nullable`1 expires, SecurityToken securityToken, TokenValidationParameters validationParameters)
   at Microsoft.IdentityModel.Tokens.Validators.ValidateLifetime(Nullable`1 notBefore, Nullable`1 expires, SecurityToken securityToken, TokenValidationParameters validationParameters)
   at System.IdentityModel.Tokens.Jwt.JwtSecurityTokenHandler.ValidateLifetime(Nullable`1 notBefore, Nullable`1 expires, JwtSecurityToken jwtToken, TokenValidationParameters validationParameters)
   at System.IdentityModel.Tokens.Jwt.JwtSecurityTokenHandler.ValidateTokenPayload(JwtSecurityToken jwtToken, TokenValidationParameters validationParameters, BaseConfiguration configuration)
   at System.IdentityModel.Tokens.Jwt.JwtSecurityTokenHandler.ValidateJWS(String token, TokenValidationParameters validationParameters, BaseConfiguration currentConfiguration, SecurityToken& signatureValidatedToken, ExceptionDispatchInfo& exceptionThrown)
--- End of stack trace from previous location ---
   at System.IdentityModel.Tokens.Jwt.JwtSecurityTokenHandler.ValidateToken(String token, JwtSecurityToken outerToken, TokenValidationParameters validationParameters, SecurityToken& signatureValidatedToken)
   at System.IdentityModel.Tokens.Jwt.JwtSecurityTokenHandler.ValidateToken(String token, TokenValidationParameters validationParameters, SecurityToken& validatedToken)
   at Microsoft.AspNetCore.Authentication.JwtBearer.JwtBearerHandler.HandleAuthenticateAsync()
2025-03-17 21:08:54.607 +01:00 [INF] Bearer was not authenticated. Failure message: IDX10223: Lifetime validation failed. The token is expired. ValidTo (UTC): '16.03.2025 23:36:10', Current time (UTC): '17.03.2025 20:08:54'.
2025-03-17 21:08:54.608 +01:00 [INF] Executing endpoint 'JurMaps.Controllers.AuthController.GetUserProfilePicture (JurMaps)'
2025-03-17 21:08:54.609 +01:00 [INF] Route matched with {action = "GetUserProfilePicture", controller = "Auth"}. Executing controller action with signature System.Threading.Tasks.Task`1[ControllerResult`1[System.String]] GetUserProfilePicture(System.String) on controller JurMaps.Controllers.AuthController (JurMaps).
2025-03-17 21:08:54.663 +01:00 [INF] Executed DbCommand (1ms) [Parameters=[@__userId_0='?' (DbType = Int32)], CommandType='"Text"', CommandTimeout='30']
SELECT u."UserId", u."IsVerified", u."LastVerificationEmailSent", u."ResetPasswordToken", u."ResetPasswordTokenExpiration", u."UserCreatedDate", u."UserEmail", u."UserName", u."UserPassword", u."UserProfilePicture", u."UserRoleId", u."VerificationToken", u."VerificationTokenExpiration"
FROM "Users" AS u
WHERE u."UserId" = @__userId_0
LIMIT 1
2025-03-17 21:08:54.667 +01:00 [INF] Executing ObjectResult, writing value of type 'ControllerResult`1[[System.String, System.Private.CoreLib, Version=7.0.0.0, Culture=neutral, PublicKeyToken=7cec85d7bea7798e]]'.
2025-03-17 21:08:54.668 +01:00 [INF] Executed action JurMaps.Controllers.AuthController.GetUserProfilePicture (JurMaps) in 57.7652ms
2025-03-17 21:08:54.669 +01:00 [INF] Executed endpoint 'JurMaps.Controllers.AuthController.GetUserProfilePicture (JurMaps)'
2025-03-17 21:08:54.670 +01:00 [INF] Request finished HTTP/2 GET https://localhost:7299/api/auth/getuserprofilepicture application/json - - 200 - application/json;+charset=utf-8 69.3194ms
