2025-03-09 00:00:13.706 +01:00 [INF] Executed DbCommand (25ms) [Parameters=[@__email_0='?'], CommandType='"Text"', CommandTimeout='30']
SELECT u."UserId", u."IsVerified", u."LastVerificationEmailSent", u."ResetPasswordToken", u."ResetPasswordTokenExpiration", u."UserCreatedDate", u."UserEmail", u."UserName", u."UserPassword", u."UserProfilePicture", u."UserRoleId", u."VerificationToken", u."VerificationTokenExpiration", r."RoleId", r."RoleName"
FROM "Users" AS u
LEFT JOIN "Roles" AS r ON u."UserRoleId" = r."RoleId"
WHERE u."UserEmail" = @__email_0
LIMIT 1
2025-03-09 00:00:25.408 +01:00 [INF] Executing ObjectResult, writing value of type 'ControllerResult`1[[System.Object, System.Private.CoreLib, Version=7.0.0.0, Culture=neutral, PublicKeyToken=7cec85d7bea7798e]]'.
2025-03-09 00:00:25.434 +01:00 [INF] Executed action JurMaps.Controllers.AuthController.LoginUser (JurMaps) in 28540.9702ms
2025-03-09 00:00:25.436 +01:00 [INF] Executed endpoint 'JurMaps.Controllers.AuthController.LoginUser (JurMaps)'
2025-03-09 00:00:25.443 +01:00 [INF] Request finished HTTP/1.1 POST https://localhost:7299/api/auth/loginuser application/json 48 - 200 - application/json;+charset=utf-8 28591.0487ms
2025-03-09 02:47:26.839 +01:00 [INF] User profile is available. Using 'C:\Users\ostat\AppData\Local\ASP.NET\DataProtection-Keys' as key repository and Windows DPAPI to encrypt keys at rest.
2025-03-09 02:47:26.970 +01:00 [WRN] Overriding address(es) 'https://localhost:7299'. Binding to endpoints defined via IConfiguration and/or UseKestrel() instead.
2025-03-09 02:47:27.034 +01:00 [INF] Now listening on: https://localhost:7299
2025-03-09 02:47:27.035 +01:00 [INF] Application started. Press Ctrl+C to shut down.
2025-03-09 02:47:27.035 +01:00 [INF] Hosting environment: Development
2025-03-09 02:47:27.036 +01:00 [INF] Content root path: E:\jurmaps2
2025-03-09 02:47:27.576 +01:00 [INF] Request starting HTTP/2 GET https://localhost:7299/ - -
2025-03-09 02:47:31.717 +01:00 [INF] No SPA development server running at http://localhost:3000 found.
2025-03-09 02:47:31.805 +01:00 [INF] SPA proxy is not ready. Returning temporary landing page.
2025-03-09 02:47:31.817 +01:00 [INF] Request finished HTTP/2 GET https://localhost:7299/ - - - 200 - text/html 4242.5125ms
2025-03-09 02:47:31.897 +01:00 [INF] Request starting HTTP/2 GET https://localhost:7299/favicon.ico - -
2025-03-09 02:47:33.579 +01:00 [INF] Request finished HTTP/2 GET https://localhost:7299/favicon.ico - - - 404 0 - 1681.9673ms
2025-03-09 02:47:34.883 +01:00 [INF] Request starting HTTP/2 GET https://localhost:7299/ - -
2025-03-09 02:47:38.977 +01:00 [INF] SPA proxy is not ready. Returning temporary landing page.
2025-03-09 02:47:38.978 +01:00 [INF] Request finished HTTP/2 GET https://localhost:7299/ - - - 200 - text/html 4094.2538ms
2025-03-09 02:47:42.001 +01:00 [INF] Request starting HTTP/2 GET https://localhost:7299/ - -
2025-03-09 02:47:52.005 +01:00 [INF] SPA proxy is not ready. Returning temporary landing page.
2025-03-09 02:47:52.006 +01:00 [INF] Request finished HTTP/2 GET https://localhost:7299/ - - - 200 - text/html 10004.8522ms
2025-03-09 02:47:55.027 +01:00 [INF] Request starting HTTP/2 GET https://localhost:7299/ - -
2025-03-09 02:48:05.041 +01:00 [INF] SPA proxy is not ready. Returning temporary landing page.
2025-03-09 02:48:05.043 +01:00 [INF] Request finished HTTP/2 GET https://localhost:7299/ - - - 200 - text/html 10015.0000ms
2025-03-09 02:48:08.057 +01:00 [INF] Request starting HTTP/2 GET https://localhost:7299/ - -
2025-03-09 02:48:17.806 +01:00 [INF] SPA proxy is ready. Redirecting to http://localhost:3000.
2025-03-09 02:48:17.807 +01:00 [INF] Request finished HTTP/2 GET https://localhost:7299/ - - - 302 0 - 9750.6392ms
2025-03-09 02:48:17.812 +01:00 [INF] SPA development server running at 'http://localhost:3000'
2025-03-09 02:50:36.189 +01:00 [INF] Request starting HTTP/1.1 POST https://localhost:7299/api/auth/loginuser application/json 48
2025-03-09 02:50:36.203 +01:00 [INF] Executing endpoint 'JurMaps.Controllers.AuthController.LoginUser (JurMaps)'
2025-03-09 02:50:36.263 +01:00 [INF] Route matched with {action = "LoginUser", controller = "Auth"}. Executing controller action with signature System.Threading.Tasks.Task`1[ControllerResult`1[System.Object]] LoginUser(JurMaps.Model.DTO.LoginDto) on controller JurMaps.Controllers.AuthController (JurMaps).
2025-03-09 02:50:54.271 +01:00 [INF] Executed DbCommand (48ms) [Parameters=[@__email_0='?'], CommandType='"Text"', CommandTimeout='30']
SELECT u."UserId", u."IsVerified", u."LastVerificationEmailSent", u."ResetPasswordToken", u."ResetPasswordTokenExpiration", u."UserCreatedDate", u."UserEmail", u."UserName", u."UserPassword", u."UserProfilePicture", u."UserRoleId", u."VerificationToken", u."VerificationTokenExpiration", r."RoleId", r."RoleName"
FROM "Users" AS u
LEFT JOIN "Roles" AS r ON u."UserRoleId" = r."RoleId"
WHERE u."UserEmail" = @__email_0
LIMIT 1
2025-03-09 02:51:06.825 +01:00 [INF] Executing ObjectResult, writing value of type 'ControllerResult`1[[System.Object, System.Private.CoreLib, Version=7.0.0.0, Culture=neutral, PublicKeyToken=7cec85d7bea7798e]]'.
2025-03-09 02:51:06.852 +01:00 [INF] Executed action JurMaps.Controllers.AuthController.LoginUser (JurMaps) in 30584.1042ms
2025-03-09 02:51:06.854 +01:00 [INF] Executed endpoint 'JurMaps.Controllers.AuthController.LoginUser (JurMaps)'
2025-03-09 02:51:06.861 +01:00 [INF] Request finished HTTP/1.1 POST https://localhost:7299/api/auth/loginuser application/json 48 - 200 - application/json;+charset=utf-8 30672.3361ms
2025-03-09 12:36:38.572 +01:00 [INF] User profile is available. Using 'C:\Users\ostat\AppData\Local\ASP.NET\DataProtection-Keys' as key repository and Windows DPAPI to encrypt keys at rest.
2025-03-09 12:36:38.809 +01:00 [WRN] Overriding address(es) 'https://localhost:7299'. Binding to endpoints defined via IConfiguration and/or UseKestrel() instead.
2025-03-09 12:36:38.882 +01:00 [INF] Now listening on: https://localhost:7299
2025-03-09 12:36:38.883 +01:00 [INF] Application started. Press Ctrl+C to shut down.
2025-03-09 12:36:38.883 +01:00 [INF] Hosting environment: Development
2025-03-09 12:36:38.884 +01:00 [INF] Content root path: E:\jurmaps2
2025-03-09 12:36:40.585 +01:00 [INF] Request starting HTTP/2 GET https://localhost:7299/ - -
2025-03-09 12:36:44.703 +01:00 [INF] No SPA development server running at http://localhost:3000 found.
2025-03-09 12:36:44.814 +01:00 [INF] SPA proxy is not ready. Returning temporary landing page.
2025-03-09 12:36:44.822 +01:00 [INF] Request finished HTTP/2 GET https://localhost:7299/ - - - 200 - text/html 4239.3479ms
2025-03-09 12:36:44.920 +01:00 [INF] Request starting HTTP/2 GET https://localhost:7299/favicon.ico - -
2025-03-09 12:36:45.845 +01:00 [INF] Request finished HTTP/2 GET https://localhost:7299/favicon.ico - - - 404 0 - 930.9562ms
2025-03-09 12:36:47.894 +01:00 [INF] Request starting HTTP/2 GET https://localhost:7299/ - -
2025-03-09 12:36:51.972 +01:00 [INF] SPA proxy is not ready. Returning temporary landing page.
2025-03-09 12:36:51.973 +01:00 [INF] Request finished HTTP/2 GET https://localhost:7299/ - - - 200 - text/html 4078.4876ms
2025-03-09 12:36:55.002 +01:00 [INF] Request starting HTTP/2 GET https://localhost:7299/ - -
2025-03-09 12:37:05.021 +01:00 [INF] SPA proxy is not ready. Returning temporary landing page.
2025-03-09 12:37:05.026 +01:00 [INF] Request finished HTTP/2 GET https://localhost:7299/ - - - 200 - text/html 10023.4497ms
2025-03-09 12:37:08.048 +01:00 [INF] Request starting HTTP/2 GET https://localhost:7299/ - -
2025-03-09 12:37:18.075 +01:00 [INF] SPA proxy is not ready. Returning temporary landing page.
2025-03-09 12:37:18.076 +01:00 [INF] Request finished HTTP/2 GET https://localhost:7299/ - - - 200 - text/html 10027.8976ms
2025-03-09 12:37:21.101 +01:00 [INF] Request starting HTTP/2 GET https://localhost:7299/ - -
2025-03-09 12:37:31.117 +01:00 [INF] SPA proxy is not ready. Returning temporary landing page.
2025-03-09 12:37:31.118 +01:00 [INF] Request finished HTTP/2 GET https://localhost:7299/ - - - 200 - text/html 10017.5419ms
2025-03-09 12:37:31.212 +01:00 [INF] SPA development server running at 'http://localhost:3000'
2025-03-09 12:37:34.161 +01:00 [INF] Request starting HTTP/2 GET https://localhost:7299/ - -
2025-03-09 12:37:34.287 +01:00 [INF] SPA proxy is ready. Redirecting to http://localhost:3000.
2025-03-09 12:37:34.292 +01:00 [INF] Request finished HTTP/2 GET https://localhost:7299/ - - - 302 0 - 130.4952ms
2025-03-09 12:40:08.060 +01:00 [INF] Request starting HTTP/1.1 POST https://localhost:7299/api/auth/loginuser application/json 48
2025-03-09 12:40:08.115 +01:00 [INF] Executing endpoint 'JurMaps.Controllers.AuthController.LoginUser (JurMaps)'
2025-03-09 12:40:08.168 +01:00 [INF] Route matched with {action = "LoginUser", controller = "Auth"}. Executing controller action with signature System.Threading.Tasks.Task`1[ControllerResult`1[System.Object]] LoginUser(JurMaps.Model.DTO.LoginDto) on controller JurMaps.Controllers.AuthController (JurMaps).
2025-03-09 12:40:26.599 +01:00 [INF] Executed DbCommand (57ms) [Parameters=[@__email_0='?'], CommandType='"Text"', CommandTimeout='30']
SELECT u."UserId", u."IsVerified", u."LastVerificationEmailSent", u."ResetPasswordToken", u."ResetPasswordTokenExpiration", u."UserCreatedDate", u."UserEmail", u."UserName", u."UserPassword", u."UserProfilePicture", u."UserRoleId", u."VerificationToken", u."VerificationTokenExpiration", r."RoleId", r."RoleName"
FROM "Users" AS u
LEFT JOIN "Roles" AS r ON u."UserRoleId" = r."RoleId"
WHERE u."UserEmail" = @__email_0
LIMIT 1
2025-03-09 12:40:37.792 +01:00 [INF] Executing ObjectResult, writing value of type 'ControllerResult`1[[System.Object, System.Private.CoreLib, Version=7.0.0.0, Culture=neutral, PublicKeyToken=7cec85d7bea7798e]]'.
2025-03-09 12:40:37.821 +01:00 [INF] Executed action JurMaps.Controllers.AuthController.LoginUser (JurMaps) in 29647.3486ms
2025-03-09 12:40:37.824 +01:00 [INF] Executed endpoint 'JurMaps.Controllers.AuthController.LoginUser (JurMaps)'
2025-03-09 12:40:37.832 +01:00 [INF] Request finished HTTP/1.1 POST https://localhost:7299/api/auth/loginuser application/json 48 - 200 - application/json;+charset=utf-8 29771.9760ms
2025-03-09 15:09:45.045 +01:00 [INF] User profile is available. Using 'C:\Users\ostat\AppData\Local\ASP.NET\DataProtection-Keys' as key repository and Windows DPAPI to encrypt keys at rest.
2025-03-09 15:09:45.247 +01:00 [WRN] Overriding address(es) 'https://localhost:7299'. Binding to endpoints defined via IConfiguration and/or UseKestrel() instead.
2025-03-09 15:09:45.329 +01:00 [INF] Now listening on: https://localhost:7299
2025-03-09 15:09:45.330 +01:00 [INF] Application started. Press Ctrl+C to shut down.
2025-03-09 15:09:45.331 +01:00 [INF] Hosting environment: Development
2025-03-09 15:09:45.331 +01:00 [INF] Content root path: E:\jurmaps2
2025-03-09 15:09:45.896 +01:00 [INF] Request starting HTTP/2 GET https://localhost:7299/ - -
2025-03-09 15:09:50.028 +01:00 [INF] No SPA development server running at http://localhost:3000 found.
2025-03-09 15:09:50.131 +01:00 [INF] SPA proxy is not ready. Returning temporary landing page.
2025-03-09 15:09:50.135 +01:00 [INF] Request finished HTTP/2 GET https://localhost:7299/ - - - 200 - text/html 4243.2493ms
2025-03-09 15:09:50.203 +01:00 [INF] Request starting HTTP/2 GET https://localhost:7299/favicon.ico - -
2025-03-09 15:09:51.066 +01:00 [INF] Request finished HTTP/2 GET https://localhost:7299/favicon.ico - - - 404 0 - 864.3654ms
2025-03-09 15:09:53.189 +01:00 [INF] Request starting HTTP/2 GET https://localhost:7299/ - -
2025-03-09 15:09:57.249 +01:00 [INF] SPA proxy is not ready. Returning temporary landing page.
2025-03-09 15:09:57.250 +01:00 [INF] Request finished HTTP/2 GET https://localhost:7299/ - - - 200 - text/html 4060.2760ms
2025-03-09 15:10:00.280 +01:00 [INF] Request starting HTTP/2 GET https://localhost:7299/ - -
2025-03-09 15:10:04.360 +01:00 [INF] SPA proxy is not ready. Returning temporary landing page.
2025-03-09 15:10:04.361 +01:00 [INF] Request finished HTTP/2 GET https://localhost:7299/ - - - 200 - text/html 4081.4035ms
2025-03-09 15:10:07.382 +01:00 [INF] Request starting HTTP/2 GET https://localhost:7299/ - -
2025-03-09 15:10:11.464 +01:00 [INF] SPA proxy is not ready. Returning temporary landing page.
2025-03-09 15:10:11.465 +01:00 [INF] Request finished HTTP/2 GET https://localhost:7299/ - - - 200 - text/html 4082.5737ms
2025-03-09 15:10:14.491 +01:00 [INF] Request starting HTTP/2 GET https://localhost:7299/ - -
2025-03-09 15:10:24.495 +01:00 [INF] SPA proxy is not ready. Returning temporary landing page.
2025-03-09 15:10:24.496 +01:00 [INF] Request finished HTTP/2 GET https://localhost:7299/ - - - 200 - text/html 10005.3665ms
2025-03-09 15:10:27.526 +01:00 [INF] Request starting HTTP/2 GET https://localhost:7299/ - -
2025-03-09 15:10:37.537 +01:00 [INF] SPA proxy is not ready. Returning temporary landing page.
2025-03-09 15:10:37.538 +01:00 [INF] Request finished HTTP/2 GET https://localhost:7299/ - - - 200 - text/html 10011.6431ms
2025-03-09 15:10:40.557 +01:00 [INF] Request starting HTTP/2 GET https://localhost:7299/ - -
2025-03-09 15:10:41.966 +01:00 [INF] SPA development server running at 'http://localhost:3000'
2025-03-09 15:10:42.105 +01:00 [INF] SPA proxy is ready. Redirecting to http://localhost:3000.
2025-03-09 15:10:42.106 +01:00 [INF] Request finished HTTP/2 GET https://localhost:7299/ - - - 302 0 - 1549.3145ms
2025-03-09 15:11:39.966 +01:00 [INF] Request starting HTTP/1.1 POST https://localhost:7299/api/auth/loginuser application/json 48
2025-03-09 15:11:39.981 +01:00 [INF] Executing endpoint 'JurMaps.Controllers.AuthController.LoginUser (JurMaps)'
2025-03-09 15:11:40.004 +01:00 [INF] Route matched with {action = "LoginUser", controller = "Auth"}. Executing controller action with signature System.Threading.Tasks.Task`1[ControllerResult`1[System.Object]] LoginUser(JurMaps.Model.DTO.LoginDto) on controller JurMaps.Controllers.AuthController (JurMaps).
2025-03-09 15:11:57.841 +01:00 [INF] Executed DbCommand (46ms) [Parameters=[@__email_0='?'], CommandType='"Text"', CommandTimeout='30']
SELECT u."UserId", u."IsVerified", u."LastVerificationEmailSent", u."ResetPasswordToken", u."ResetPasswordTokenExpiration", u."UserCreatedDate", u."UserEmail", u."UserName", u."UserPassword", u."UserProfilePicture", u."UserRoleId", u."VerificationToken", u."VerificationTokenExpiration", r."RoleId", r."RoleName"
FROM "Users" AS u
LEFT JOIN "Roles" AS r ON u."UserRoleId" = r."RoleId"
WHERE u."UserEmail" = @__email_0
LIMIT 1
2025-03-09 15:12:09.619 +01:00 [INF] Executing ObjectResult, writing value of type 'ControllerResult`1[[System.Object, System.Private.CoreLib, Version=7.0.0.0, Culture=neutral, PublicKeyToken=7cec85d7bea7798e]]'.
2025-03-09 15:12:09.642 +01:00 [INF] Executed action JurMaps.Controllers.AuthController.LoginUser (JurMaps) in 29634.7633ms
2025-03-09 15:12:09.644 +01:00 [INF] Executed endpoint 'JurMaps.Controllers.AuthController.LoginUser (JurMaps)'
2025-03-09 15:12:09.652 +01:00 [INF] Request finished HTTP/1.1 POST https://localhost:7299/api/auth/loginuser application/json 48 - 200 - application/json;+charset=utf-8 29685.7102ms
2025-03-09 16:46:01.889 +01:00 [INF] User profile is available. Using 'C:\Users\ostat\AppData\Local\ASP.NET\DataProtection-Keys' as key repository and Windows DPAPI to encrypt keys at rest.
2025-03-09 16:46:02.042 +01:00 [WRN] Overriding address(es) 'https://localhost:7299'. Binding to endpoints defined via IConfiguration and/or UseKestrel() instead.
2025-03-09 16:46:02.089 +01:00 [INF] Now listening on: https://localhost:7299
2025-03-09 16:46:02.090 +01:00 [INF] Application started. Press Ctrl+C to shut down.
2025-03-09 16:46:02.091 +01:00 [INF] Hosting environment: Development
2025-03-09 16:46:02.091 +01:00 [INF] Content root path: E:\jurmaps2
2025-03-09 16:46:03.526 +01:00 [INF] Request starting HTTP/2 GET https://localhost:7299/ - -
2025-03-09 16:46:07.669 +01:00 [INF] No SPA development server running at http://localhost:3000 found.
2025-03-09 16:46:07.752 +01:00 [INF] SPA proxy is not ready. Returning temporary landing page.
2025-03-09 16:46:07.760 +01:00 [INF] Request finished HTTP/2 GET https://localhost:7299/ - - - 200 - text/html 4236.9663ms
2025-03-09 16:46:07.839 +01:00 [INF] Request starting HTTP/2 GET https://localhost:7299/favicon.ico - -
2025-03-09 16:46:07.966 +01:00 [INF] Request finished HTTP/2 GET https://localhost:7299/favicon.ico - - - 404 0 - 127.7879ms
2025-03-09 16:46:10.821 +01:00 [INF] Request starting HTTP/2 GET https://localhost:7299/ - -
2025-03-09 16:46:20.830 +01:00 [INF] SPA proxy is not ready. Returning temporary landing page.
2025-03-09 16:46:20.832 +01:00 [INF] Request finished HTTP/2 GET https://localhost:7299/ - - - 200 - text/html 10010.9564ms
2025-03-09 16:46:22.106 +01:00 [INF] SPA development server running at 'http://localhost:3000'
2025-03-09 16:46:23.851 +01:00 [INF] Request starting HTTP/2 GET https://localhost:7299/ - -
2025-03-09 16:46:23.927 +01:00 [INF] SPA proxy is ready. Redirecting to http://localhost:3000.
2025-03-09 16:46:23.929 +01:00 [INF] Request finished HTTP/2 GET https://localhost:7299/ - - - 302 0 - 77.4527ms
2025-03-09 16:47:04.866 +01:00 [INF] Request starting HTTP/1.1 POST https://localhost:7299/api/auth/loginuser application/json 48
2025-03-09 16:47:04.881 +01:00 [INF] Executing endpoint 'JurMaps.Controllers.AuthController.LoginUser (JurMaps)'
2025-03-09 16:47:04.923 +01:00 [INF] Route matched with {action = "LoginUser", controller = "Auth"}. Executing controller action with signature System.Threading.Tasks.Task`1[ControllerResult`1[System.Object]] LoginUser(JurMaps.Model.DTO.LoginDto) on controller JurMaps.Controllers.AuthController (JurMaps).
2025-03-09 16:47:21.424 +01:00 [INF] Executed DbCommand (23ms) [Parameters=[@__email_0='?'], CommandType='"Text"', CommandTimeout='30']
SELECT u."UserId", u."IsVerified", u."LastVerificationEmailSent", u."ResetPasswordToken", u."ResetPasswordTokenExpiration", u."UserCreatedDate", u."UserEmail", u."UserName", u."UserPassword", u."UserProfilePicture", u."UserRoleId", u."VerificationToken", u."VerificationTokenExpiration", r."RoleId", r."RoleName"
FROM "Users" AS u
LEFT JOIN "Roles" AS r ON u."UserRoleId" = r."RoleId"
WHERE u."UserEmail" = @__email_0
LIMIT 1
2025-03-09 16:47:33.302 +01:00 [INF] Executing ObjectResult, writing value of type 'ControllerResult`1[[System.Object, System.Private.CoreLib, Version=7.0.0.0, Culture=neutral, PublicKeyToken=7cec85d7bea7798e]]'.
2025-03-09 16:47:33.327 +01:00 [INF] Executed action JurMaps.Controllers.AuthController.LoginUser (JurMaps) in 28399.4005ms
2025-03-09 16:47:33.328 +01:00 [INF] Executed endpoint 'JurMaps.Controllers.AuthController.LoginUser (JurMaps)'
2025-03-09 16:47:33.336 +01:00 [INF] Request finished HTTP/1.1 POST https://localhost:7299/api/auth/loginuser application/json 48 - 200 - application/json;+charset=utf-8 28469.8499ms
2025-03-09 16:47:41.474 +01:00 [INF] Request starting HTTP/2 GET https://localhost:7299/api/maps/getfilteredmaps?Page=1 - -
2025-03-09 16:47:41.475 +01:00 [INF] Request starting HTTP/2 GET https://localhost:7299/api/maps/getpopulartagsnames - -
2025-03-09 16:47:41.474 +01:00 [INF] Request starting HTTP/2 GET https://localhost:7299/api/maps/getcountrynames - -
2025-03-09 16:47:41.493 +01:00 [INF] CORS policy execution successful.
2025-03-09 16:47:41.493 +01:00 [INF] CORS policy execution successful.
2025-03-09 16:47:41.493 +01:00 [INF] CORS policy execution successful.
2025-03-09 16:47:41.500 +01:00 [INF] Executing endpoint 'JurMaps.Controllers.MapsController.GetFilteredMaps (JurMaps)'
2025-03-09 16:47:41.500 +01:00 [INF] Executing endpoint 'JurMaps.Controllers.MapsController.GetPopularTagsNames (JurMaps)'
2025-03-09 16:47:41.500 +01:00 [INF] Executing endpoint 'JurMaps.Controllers.MapsController.GetCountryNames (JurMaps)'
2025-03-09 16:47:41.508 +01:00 [INF] Route matched with {action = "GetPopularTagsNames", controller = "Maps"}. Executing controller action with signature System.Threading.Tasks.Task`1[ControllerResult`1[System.Collections.Generic.List`1[System.String]]] GetPopularTagsNames() on controller JurMaps.Controllers.MapsController (JurMaps).
2025-03-09 16:47:41.511 +01:00 [INF] Route matched with {action = "GetFilteredMaps", controller = "Maps"}. Executing controller action with signature System.Threading.Tasks.Task`1[ControllerResult`1[System.Collections.Generic.List`1[JurMaps.Model.DTO.MapDto]]] GetFilteredMaps(System.String, System.Collections.Generic.List`1[System.String], System.String, System.String) on controller JurMaps.Controllers.MapsController (JurMaps).
2025-03-09 16:47:41.521 +01:00 [INF] Route matched with {action = "GetCountryNames", controller = "Maps"}. Executing controller action with signature System.Threading.Tasks.Task`1[ControllerResult`1[System.Collections.Generic.List`1[System.String]]] GetCountryNames() on controller JurMaps.Controllers.MapsController (JurMaps).
2025-03-09 16:47:41.631 +01:00 [INF] Executed DbCommand (40ms) [Parameters=[], CommandType='"Text"', CommandTimeout='30']
SELECT c."CountryName"
FROM "Countries" AS c
2025-03-09 16:47:41.636 +01:00 [INF] Executing ObjectResult, writing value of type 'ControllerResult`1[[System.Collections.Generic.List`1[[System.String, System.Private.CoreLib, Version=7.0.0.0, Culture=neutral, PublicKeyToken=7cec85d7bea7798e]], System.Private.CoreLib, Version=7.0.0.0, Culture=neutral, PublicKeyToken=7cec85d7bea7798e]]'.
2025-03-09 16:47:41.647 +01:00 [INF] Executed action JurMaps.Controllers.MapsController.GetCountryNames (JurMaps) in 122.1449ms
2025-03-09 16:47:41.648 +01:00 [INF] Executed endpoint 'JurMaps.Controllers.MapsController.GetCountryNames (JurMaps)'
2025-03-09 16:47:41.648 +01:00 [INF] Request starting HTTP/2 GET https://localhost:7299/api/maps/getcountrynames - -
2025-03-09 16:47:41.649 +01:00 [INF] Request finished HTTP/2 GET https://localhost:7299/api/maps/getcountrynames - - - 200 - application/json;+charset=utf-8 174.8940ms
2025-03-09 16:47:41.652 +01:00 [INF] CORS policy execution successful.
2025-03-09 16:47:41.653 +01:00 [INF] Executing endpoint 'JurMaps.Controllers.MapsController.GetCountryNames (JurMaps)'
2025-03-09 16:47:41.654 +01:00 [INF] Route matched with {action = "GetCountryNames", controller = "Maps"}. Executing controller action with signature System.Threading.Tasks.Task`1[ControllerResult`1[System.Collections.Generic.List`1[System.String]]] GetCountryNames() on controller JurMaps.Controllers.MapsController (JurMaps).
2025-03-09 16:47:41.673 +01:00 [INF] Executed DbCommand (1ms) [Parameters=[], CommandType='"Text"', CommandTimeout='30']
SELECT c."CountryName"
FROM "Countries" AS c
2025-03-09 16:47:41.676 +01:00 [INF] Executing ObjectResult, writing value of type 'ControllerResult`1[[System.Collections.Generic.List`1[[System.String, System.Private.CoreLib, Version=7.0.0.0, Culture=neutral, PublicKeyToken=7cec85d7bea7798e]], System.Private.CoreLib, Version=7.0.0.0, Culture=neutral, PublicKeyToken=7cec85d7bea7798e]]'.
2025-03-09 16:47:41.678 +01:00 [INF] Executed action JurMaps.Controllers.MapsController.GetCountryNames (JurMaps) in 22.3263ms
2025-03-09 16:47:41.680 +01:00 [INF] Executed endpoint 'JurMaps.Controllers.MapsController.GetCountryNames (JurMaps)'
2025-03-09 16:47:41.681 +01:00 [INF] Request finished HTTP/2 GET https://localhost:7299/api/maps/getcountrynames - - - 200 - application/json;+charset=utf-8 32.5878ms
2025-03-09 16:47:41.681 +01:00 [WRN] The query uses a row limiting operator ('Skip'/'Take') without an 'OrderBy' operator. This may lead to unpredictable results. If the 'Distinct' operator is used after 'OrderBy', then make sure to use the 'OrderBy' operator after 'Distinct' as the ordering would otherwise get erased.
2025-03-09 16:47:41.683 +01:00 [WRN] The query uses a row limiting operator ('Skip'/'Take') without an 'OrderBy' operator. This may lead to unpredictable results. If the 'Distinct' operator is used after 'OrderBy', then make sure to use the 'OrderBy' operator after 'Distinct' as the ordering would otherwise get erased.
2025-03-09 16:47:41.751 +01:00 [INF] Executed DbCommand (71ms) [Parameters=[@__p_0='?' (DbType = Int32)], CommandType='"Text"', CommandTimeout='30']
SELECT t."TagId", t."TagName", t."TagQuantity"
FROM "Tags" AS t
ORDER BY t."TagQuantity" DESC
LIMIT @__p_0
2025-03-09 16:47:41.768 +01:00 [INF] Executing ObjectResult, writing value of type 'ControllerResult`1[[System.Collections.Generic.List`1[[System.String, System.Private.CoreLib, Version=7.0.0.0, Culture=neutral, PublicKeyToken=7cec85d7bea7798e]], System.Private.CoreLib, Version=7.0.0.0, Culture=neutral, PublicKeyToken=7cec85d7bea7798e]]'.
2025-03-09 16:47:41.770 +01:00 [INF] Executed action JurMaps.Controllers.MapsController.GetPopularTagsNames (JurMaps) in 249.1974ms
2025-03-09 16:47:41.771 +01:00 [INF] Executed endpoint 'JurMaps.Controllers.MapsController.GetPopularTagsNames (JurMaps)'
2025-03-09 16:47:41.772 +01:00 [INF] Request starting HTTP/2 GET https://localhost:7299/api/maps/getpopulartagsnames - -
2025-03-09 16:47:41.772 +01:00 [INF] Request finished HTTP/2 GET https://localhost:7299/api/maps/getpopulartagsnames - - - 200 - application/json;+charset=utf-8 297.9457ms
2025-03-09 16:47:41.773 +01:00 [INF] CORS policy execution successful.
2025-03-09 16:47:41.774 +01:00 [INF] Executing endpoint 'JurMaps.Controllers.MapsController.GetPopularTagsNames (JurMaps)'
2025-03-09 16:47:41.776 +01:00 [INF] Route matched with {action = "GetPopularTagsNames", controller = "Maps"}. Executing controller action with signature System.Threading.Tasks.Task`1[ControllerResult`1[System.Collections.Generic.List`1[System.String]]] GetPopularTagsNames() on controller JurMaps.Controllers.MapsController (JurMaps).
2025-03-09 16:47:41.785 +01:00 [INF] Executed DbCommand (3ms) [Parameters=[@__p_0='?' (DbType = Int32)], CommandType='"Text"', CommandTimeout='30']
SELECT t."TagId", t."TagName", t."TagQuantity"
FROM "Tags" AS t
ORDER BY t."TagQuantity" DESC
LIMIT @__p_0
2025-03-09 16:47:41.787 +01:00 [INF] Executing ObjectResult, writing value of type 'ControllerResult`1[[System.Collections.Generic.List`1[[System.String, System.Private.CoreLib, Version=7.0.0.0, Culture=neutral, PublicKeyToken=7cec85d7bea7798e]], System.Private.CoreLib, Version=7.0.0.0, Culture=neutral, PublicKeyToken=7cec85d7bea7798e]]'.
2025-03-09 16:47:41.788 +01:00 [INF] Executed action JurMaps.Controllers.MapsController.GetPopularTagsNames (JurMaps) in 10.5134ms
2025-03-09 16:47:41.790 +01:00 [INF] Executed endpoint 'JurMaps.Controllers.MapsController.GetPopularTagsNames (JurMaps)'
2025-03-09 16:47:41.791 +01:00 [INF] Request finished HTTP/2 GET https://localhost:7299/api/maps/getpopulartagsnames - - - 200 - application/json;+charset=utf-8 19.2623ms
2025-03-09 16:47:41.807 +01:00 [INF] Executed DbCommand (45ms) [Parameters=[@__p_1='?' (DbType = Int32), @__p_0='?' (DbType = Int32)], CommandType='"Text"', CommandTimeout='30']
SELECT t."MapId", t."MapName", t."MapDescription", t."MapLikes", u."UserName" AS "MapCreatorName", t."MapCreatorId", u."UserProfilePicture" AS "MapCreatorPicture", t."MapThumbnail"
FROM (
    SELECT m."MapId", m."MapCreatorId", m."MapDescription", m."MapLikes", m."MapName", m."MapThumbnail"
    FROM "Maps" AS m
    WHERE m."MapUploaded"
    LIMIT @__p_1 OFFSET @__p_0
) AS t
INNER JOIN "Users" AS u ON t."MapCreatorId" = u."UserId"
2025-03-09 16:47:41.889 +01:00 [INF] Executing ObjectResult, writing value of type 'ControllerResult`1[[System.Collections.Generic.List`1[[JurMaps.Model.DTO.MapDto, JurMaps, Version=1.0.0.0, Culture=neutral, PublicKeyToken=null]], System.Private.CoreLib, Version=7.0.0.0, Culture=neutral, PublicKeyToken=7cec85d7bea7798e]]'.
2025-03-09 16:47:41.905 +01:00 [INF] Executed action JurMaps.Controllers.MapsController.GetFilteredMaps (JurMaps) in 381.6827ms
2025-03-09 16:47:41.906 +01:00 [INF] Executed endpoint 'JurMaps.Controllers.MapsController.GetFilteredMaps (JurMaps)'
2025-03-09 16:47:41.906 +01:00 [INF] Request starting HTTP/2 GET https://localhost:7299/api/maps/getfilteredmaps?Page=1 - -
2025-03-09 16:47:41.907 +01:00 [INF] Request finished HTTP/2 GET https://localhost:7299/api/maps/getfilteredmaps?Page=1 - - - 200 - application/json;+charset=utf-8 432.7700ms
2025-03-09 16:47:41.908 +01:00 [INF] CORS policy execution successful.
2025-03-09 16:47:41.910 +01:00 [INF] Executing endpoint 'JurMaps.Controllers.MapsController.GetFilteredMaps (JurMaps)'
2025-03-09 16:47:41.911 +01:00 [INF] Route matched with {action = "GetFilteredMaps", controller = "Maps"}. Executing controller action with signature System.Threading.Tasks.Task`1[ControllerResult`1[System.Collections.Generic.List`1[JurMaps.Model.DTO.MapDto]]] GetFilteredMaps(System.String, System.Collections.Generic.List`1[System.String], System.String, System.String) on controller JurMaps.Controllers.MapsController (JurMaps).
2025-03-09 16:47:41.921 +01:00 [INF] Executed DbCommand (3ms) [Parameters=[@__p_1='?' (DbType = Int32), @__p_0='?' (DbType = Int32)], CommandType='"Text"', CommandTimeout='30']
SELECT t."MapId", t."MapName", t."MapDescription", t."MapLikes", u."UserName" AS "MapCreatorName", t."MapCreatorId", u."UserProfilePicture" AS "MapCreatorPicture", t."MapThumbnail"
FROM (
    SELECT m."MapId", m."MapCreatorId", m."MapDescription", m."MapLikes", m."MapName", m."MapThumbnail"
    FROM "Maps" AS m
    WHERE m."MapUploaded"
    LIMIT @__p_1 OFFSET @__p_0
) AS t
INNER JOIN "Users" AS u ON t."MapCreatorId" = u."UserId"
2025-03-09 16:47:41.931 +01:00 [INF] Executing ObjectResult, writing value of type 'ControllerResult`1[[System.Collections.Generic.List`1[[JurMaps.Model.DTO.MapDto, JurMaps, Version=1.0.0.0, Culture=neutral, PublicKeyToken=null]], System.Private.CoreLib, Version=7.0.0.0, Culture=neutral, PublicKeyToken=7cec85d7bea7798e]]'.
2025-03-09 16:47:41.933 +01:00 [INF] Executed action JurMaps.Controllers.MapsController.GetFilteredMaps (JurMaps) in 20.2938ms
2025-03-09 16:47:41.935 +01:00 [INF] Executed endpoint 'JurMaps.Controllers.MapsController.GetFilteredMaps (JurMaps)'
2025-03-09 16:47:41.937 +01:00 [INF] Request finished HTTP/2 GET https://localhost:7299/api/maps/getfilteredmaps?Page=1 - - - 200 - application/json;+charset=utf-8 30.9789ms
2025-03-09 16:48:08.336 +01:00 [INF] Request starting HTTP/1.1 POST https://localhost:7299/api/auth/loginuser application/json 48
2025-03-09 16:48:08.339 +01:00 [INF] Executing endpoint 'JurMaps.Controllers.AuthController.LoginUser (JurMaps)'
2025-03-09 16:48:08.340 +01:00 [INF] Route matched with {action = "LoginUser", controller = "Auth"}. Executing controller action with signature System.Threading.Tasks.Task`1[ControllerResult`1[System.Object]] LoginUser(JurMaps.Model.DTO.LoginDto) on controller JurMaps.Controllers.AuthController (JurMaps).
2025-03-09 16:48:14.273 +01:00 [INF] Executed DbCommand (2ms) [Parameters=[@__email_0='?'], CommandType='"Text"', CommandTimeout='30']
SELECT u."UserId", u."IsVerified", u."LastVerificationEmailSent", u."ResetPasswordToken", u."ResetPasswordTokenExpiration", u."UserCreatedDate", u."UserEmail", u."UserName", u."UserPassword", u."UserProfilePicture", u."UserRoleId", u."VerificationToken", u."VerificationTokenExpiration", r."RoleId", r."RoleName"
FROM "Users" AS u
LEFT JOIN "Roles" AS r ON u."UserRoleId" = r."RoleId"
WHERE u."UserEmail" = @__email_0
LIMIT 1
2025-03-09 16:48:25.276 +01:00 [INF] Executing ObjectResult, writing value of type 'ControllerResult`1[[System.Object, System.Private.CoreLib, Version=7.0.0.0, Culture=neutral, PublicKeyToken=7cec85d7bea7798e]]'.
2025-03-09 16:48:25.278 +01:00 [INF] Executed action JurMaps.Controllers.AuthController.LoginUser (JurMaps) in 16936.5966ms
2025-03-09 16:48:25.278 +01:00 [INF] Executed endpoint 'JurMaps.Controllers.AuthController.LoginUser (JurMaps)'
2025-03-09 16:48:25.279 +01:00 [INF] Request finished HTTP/1.1 POST https://localhost:7299/api/auth/loginuser application/json 48 - 200 - application/json;+charset=utf-8 16943.5281ms
2025-03-09 16:52:58.686 +01:00 [INF] Request starting HTTP/1.1 POST https://localhost:7299/api/auth/loginuser application/json 48
2025-03-09 16:52:58.687 +01:00 [INF] Executing endpoint 'JurMaps.Controllers.AuthController.LoginUser (JurMaps)'
2025-03-09 16:52:58.688 +01:00 [INF] Route matched with {action = "LoginUser", controller = "Auth"}. Executing controller action with signature System.Threading.Tasks.Task`1[ControllerResult`1[System.Object]] LoginUser(JurMaps.Model.DTO.LoginDto) on controller JurMaps.Controllers.AuthController (JurMaps).
2025-03-09 16:53:04.317 +01:00 [INF] Executed DbCommand (3ms) [Parameters=[@__email_0='?'], CommandType='"Text"', CommandTimeout='30']
SELECT u."UserId", u."IsVerified", u."LastVerificationEmailSent", u."ResetPasswordToken", u."ResetPasswordTokenExpiration", u."UserCreatedDate", u."UserEmail", u."UserName", u."UserPassword", u."UserProfilePicture", u."UserRoleId", u."VerificationToken", u."VerificationTokenExpiration", r."RoleId", r."RoleName"
FROM "Users" AS u
LEFT JOIN "Roles" AS r ON u."UserRoleId" = r."RoleId"
WHERE u."UserEmail" = @__email_0
LIMIT 1
2025-03-09 16:53:16.273 +01:00 [INF] Executing ObjectResult, writing value of type 'ControllerResult`1[[System.Object, System.Private.CoreLib, Version=7.0.0.0, Culture=neutral, PublicKeyToken=7cec85d7bea7798e]]'.
2025-03-09 16:53:16.274 +01:00 [INF] Executed action JurMaps.Controllers.AuthController.LoginUser (JurMaps) in 17584.4162ms
2025-03-09 16:53:16.275 +01:00 [INF] Executed endpoint 'JurMaps.Controllers.AuthController.LoginUser (JurMaps)'
2025-03-09 16:53:16.276 +01:00 [INF] Request finished HTTP/1.1 POST https://localhost:7299/api/auth/loginuser application/json 48 - 200 - application/json;+charset=utf-8 17590.3959ms
2025-03-09 16:53:45.932 +01:00 [INF] Request starting HTTP/2 GET https://localhost:7299/api/maps/getfilteredmaps?Page=1 - -
2025-03-09 16:53:45.934 +01:00 [INF] Request starting HTTP/2 GET https://localhost:7299/api/maps/getpopulartagsnames - -
2025-03-09 16:53:45.934 +01:00 [INF] CORS policy execution successful.
2025-03-09 16:53:45.934 +01:00 [INF] CORS policy execution successful.
2025-03-09 16:53:45.940 +01:00 [INF] Executing endpoint 'JurMaps.Controllers.MapsController.GetFilteredMaps (JurMaps)'
2025-03-09 16:53:45.936 +01:00 [INF] Request starting HTTP/2 GET https://localhost:7299/api/maps/getcountrynames - -
2025-03-09 16:53:45.941 +01:00 [INF] Executing endpoint 'JurMaps.Controllers.MapsController.GetPopularTagsNames (JurMaps)'
2025-03-09 16:53:45.942 +01:00 [INF] Route matched with {action = "GetFilteredMaps", controller = "Maps"}. Executing controller action with signature System.Threading.Tasks.Task`1[ControllerResult`1[System.Collections.Generic.List`1[JurMaps.Model.DTO.MapDto]]] GetFilteredMaps(System.String, System.Collections.Generic.List`1[System.String], System.String, System.String) on controller JurMaps.Controllers.MapsController (JurMaps).
2025-03-09 16:53:45.943 +01:00 [INF] CORS policy execution successful.
2025-03-09 16:53:45.944 +01:00 [INF] Route matched with {action = "GetPopularTagsNames", controller = "Maps"}. Executing controller action with signature System.Threading.Tasks.Task`1[ControllerResult`1[System.Collections.Generic.List`1[System.String]]] GetPopularTagsNames() on controller JurMaps.Controllers.MapsController (JurMaps).
2025-03-09 16:53:45.946 +01:00 [INF] Executing endpoint 'JurMaps.Controllers.MapsController.GetCountryNames (JurMaps)'
2025-03-09 16:53:45.948 +01:00 [INF] Route matched with {action = "GetCountryNames", controller = "Maps"}. Executing controller action with signature System.Threading.Tasks.Task`1[ControllerResult`1[System.Collections.Generic.List`1[System.String]]] GetCountryNames() on controller JurMaps.Controllers.MapsController (JurMaps).
2025-03-09 16:53:45.951 +01:00 [INF] Executed DbCommand (2ms) [Parameters=[@__p_1='?' (DbType = Int32), @__p_0='?' (DbType = Int32)], CommandType='"Text"', CommandTimeout='30']
SELECT t."MapId", t."MapName", t."MapDescription", t."MapLikes", u."UserName" AS "MapCreatorName", t."MapCreatorId", u."UserProfilePicture" AS "MapCreatorPicture", t."MapThumbnail"
FROM (
    SELECT m."MapId", m."MapCreatorId", m."MapDescription", m."MapLikes", m."MapName", m."MapThumbnail"
    FROM "Maps" AS m
    WHERE m."MapUploaded"
    LIMIT @__p_1 OFFSET @__p_0
) AS t
INNER JOIN "Users" AS u ON t."MapCreatorId" = u."UserId"
2025-03-09 16:53:45.987 +01:00 [INF] Executing ObjectResult, writing value of type 'ControllerResult`1[[System.Collections.Generic.List`1[[JurMaps.Model.DTO.MapDto, JurMaps, Version=1.0.0.0, Culture=neutral, PublicKeyToken=null]], System.Private.CoreLib, Version=7.0.0.0, Culture=neutral, PublicKeyToken=7cec85d7bea7798e]]'.
2025-03-09 16:53:45.989 +01:00 [INF] Executed action JurMaps.Controllers.MapsController.GetFilteredMaps (JurMaps) in 43.6972ms
2025-03-09 16:53:45.990 +01:00 [INF] Request starting HTTP/2 GET https://localhost:7299/api/maps/getfilteredmaps?Page=1 - -
2025-03-09 16:53:45.993 +01:00 [INF] Executed endpoint 'JurMaps.Controllers.MapsController.GetFilteredMaps (JurMaps)'
2025-03-09 16:53:45.994 +01:00 [INF] CORS policy execution successful.
2025-03-09 16:53:45.995 +01:00 [INF] Request finished HTTP/2 GET https://localhost:7299/api/maps/getfilteredmaps?Page=1 - - - 200 - application/json;+charset=utf-8 62.2503ms
2025-03-09 16:53:45.995 +01:00 [INF] Executing endpoint 'JurMaps.Controllers.MapsController.GetFilteredMaps (JurMaps)'
2025-03-09 16:53:45.997 +01:00 [INF] Route matched with {action = "GetFilteredMaps", controller = "Maps"}. Executing controller action with signature System.Threading.Tasks.Task`1[ControllerResult`1[System.Collections.Generic.List`1[JurMaps.Model.DTO.MapDto]]] GetFilteredMaps(System.String, System.Collections.Generic.List`1[System.String], System.String, System.String) on controller JurMaps.Controllers.MapsController (JurMaps).
2025-03-09 16:53:46.003 +01:00 [INF] Executed DbCommand (1ms) [Parameters=[@__p_1='?' (DbType = Int32), @__p_0='?' (DbType = Int32)], CommandType='"Text"', CommandTimeout='30']
SELECT t."MapId", t."MapName", t."MapDescription", t."MapLikes", u."UserName" AS "MapCreatorName", t."MapCreatorId", u."UserProfilePicture" AS "MapCreatorPicture", t."MapThumbnail"
FROM (
    SELECT m."MapId", m."MapCreatorId", m."MapDescription", m."MapLikes", m."MapName", m."MapThumbnail"
    FROM "Maps" AS m
    WHERE m."MapUploaded"
    LIMIT @__p_1 OFFSET @__p_0
) AS t
INNER JOIN "Users" AS u ON t."MapCreatorId" = u."UserId"
2025-03-09 16:53:46.010 +01:00 [INF] Executing ObjectResult, writing value of type 'ControllerResult`1[[System.Collections.Generic.List`1[[JurMaps.Model.DTO.MapDto, JurMaps, Version=1.0.0.0, Culture=neutral, PublicKeyToken=null]], System.Private.CoreLib, Version=7.0.0.0, Culture=neutral, PublicKeyToken=7cec85d7bea7798e]]'.
2025-03-09 16:53:46.011 +01:00 [INF] Executed DbCommand (2ms) [Parameters=[@__p_0='?' (DbType = Int32)], CommandType='"Text"', CommandTimeout='30']
SELECT t."TagId", t."TagName", t."TagQuantity"
FROM "Tags" AS t
ORDER BY t."TagQuantity" DESC
LIMIT @__p_0
2025-03-09 16:53:46.012 +01:00 [INF] Executed action JurMaps.Controllers.MapsController.GetFilteredMaps (JurMaps) in 13.5358ms
2025-03-09 16:53:46.014 +01:00 [INF] Executing ObjectResult, writing value of type 'ControllerResult`1[[System.Collections.Generic.List`1[[System.String, System.Private.CoreLib, Version=7.0.0.0, Culture=neutral, PublicKeyToken=7cec85d7bea7798e]], System.Private.CoreLib, Version=7.0.0.0, Culture=neutral, PublicKeyToken=7cec85d7bea7798e]]'.
2025-03-09 16:53:46.015 +01:00 [INF] Executed endpoint 'JurMaps.Controllers.MapsController.GetFilteredMaps (JurMaps)'
2025-03-09 16:53:46.037 +01:00 [INF] Executed action JurMaps.Controllers.MapsController.GetPopularTagsNames (JurMaps) in 90.2237ms
2025-03-09 16:53:46.038 +01:00 [INF] Request finished HTTP/2 GET https://localhost:7299/api/maps/getfilteredmaps?Page=1 - - - 200 - application/json;+charset=utf-8 47.3415ms
2025-03-09 16:53:46.042 +01:00 [INF] Request starting HTTP/2 GET https://localhost:7299/api/maps/getpopulartagsnames - -
2025-03-09 16:53:46.043 +01:00 [INF] Executed endpoint 'JurMaps.Controllers.MapsController.GetPopularTagsNames (JurMaps)'
2025-03-09 16:53:46.044 +01:00 [INF] CORS policy execution successful.
2025-03-09 16:53:46.045 +01:00 [INF] Request finished HTTP/2 GET https://localhost:7299/api/maps/getpopulartagsnames - - - 200 - application/json;+charset=utf-8 111.1763ms
2025-03-09 16:53:46.046 +01:00 [INF] Executing endpoint 'JurMaps.Controllers.MapsController.GetPopularTagsNames (JurMaps)'
2025-03-09 16:53:46.047 +01:00 [INF] Route matched with {action = "GetPopularTagsNames", controller = "Maps"}. Executing controller action with signature System.Threading.Tasks.Task`1[ControllerResult`1[System.Collections.Generic.List`1[System.String]]] GetPopularTagsNames() on controller JurMaps.Controllers.MapsController (JurMaps).
2025-03-09 16:53:46.053 +01:00 [INF] Executed DbCommand (2ms) [Parameters=[@__p_0='?' (DbType = Int32)], CommandType='"Text"', CommandTimeout='30']
SELECT t."TagId", t."TagName", t."TagQuantity"
FROM "Tags" AS t
ORDER BY t."TagQuantity" DESC
LIMIT @__p_0
2025-03-09 16:53:46.056 +01:00 [INF] Executing ObjectResult, writing value of type 'ControllerResult`1[[System.Collections.Generic.List`1[[System.String, System.Private.CoreLib, Version=7.0.0.0, Culture=neutral, PublicKeyToken=7cec85d7bea7798e]], System.Private.CoreLib, Version=7.0.0.0, Culture=neutral, PublicKeyToken=7cec85d7bea7798e]]'.
2025-03-09 16:53:46.057 +01:00 [INF] Executed action JurMaps.Controllers.MapsController.GetPopularTagsNames (JurMaps) in 8.4691ms
2025-03-09 16:53:46.058 +01:00 [INF] Executed endpoint 'JurMaps.Controllers.MapsController.GetPopularTagsNames (JurMaps)'
2025-03-09 16:53:46.058 +01:00 [INF] Request finished HTTP/2 GET https://localhost:7299/api/maps/getpopulartagsnames - - - 200 - application/json;+charset=utf-8 16.0660ms
2025-03-09 16:53:46.129 +01:00 [INF] Executed DbCommand (1ms) [Parameters=[], CommandType='"Text"', CommandTimeout='30']
SELECT c."CountryName"
FROM "Countries" AS c
2025-03-09 16:53:46.132 +01:00 [INF] Executing ObjectResult, writing value of type 'ControllerResult`1[[System.Collections.Generic.List`1[[System.String, System.Private.CoreLib, Version=7.0.0.0, Culture=neutral, PublicKeyToken=7cec85d7bea7798e]], System.Private.CoreLib, Version=7.0.0.0, Culture=neutral, PublicKeyToken=7cec85d7bea7798e]]'.
2025-03-09 16:53:46.133 +01:00 [INF] Executed action JurMaps.Controllers.MapsController.GetCountryNames (JurMaps) in 182.9702ms
2025-03-09 16:53:46.134 +01:00 [INF] Executed endpoint 'JurMaps.Controllers.MapsController.GetCountryNames (JurMaps)'
2025-03-09 16:53:46.134 +01:00 [INF] Request starting HTTP/2 GET https://localhost:7299/api/maps/getcountrynames - -
2025-03-09 16:53:46.135 +01:00 [INF] Request finished HTTP/2 GET https://localhost:7299/api/maps/getcountrynames - - - 200 - application/json;+charset=utf-8 198.3558ms
2025-03-09 16:53:46.135 +01:00 [INF] CORS policy execution successful.
2025-03-09 16:53:46.137 +01:00 [INF] Executing endpoint 'JurMaps.Controllers.MapsController.GetCountryNames (JurMaps)'
2025-03-09 16:53:46.138 +01:00 [INF] Route matched with {action = "GetCountryNames", controller = "Maps"}. Executing controller action with signature System.Threading.Tasks.Task`1[ControllerResult`1[System.Collections.Generic.List`1[System.String]]] GetCountryNames() on controller JurMaps.Controllers.MapsController (JurMaps).
2025-03-09 16:53:46.144 +01:00 [INF] Executed DbCommand (2ms) [Parameters=[], CommandType='"Text"', CommandTimeout='30']
SELECT c."CountryName"
FROM "Countries" AS c
2025-03-09 16:53:46.146 +01:00 [INF] Executing ObjectResult, writing value of type 'ControllerResult`1[[System.Collections.Generic.List`1[[System.String, System.Private.CoreLib, Version=7.0.0.0, Culture=neutral, PublicKeyToken=7cec85d7bea7798e]], System.Private.CoreLib, Version=7.0.0.0, Culture=neutral, PublicKeyToken=7cec85d7bea7798e]]'.
2025-03-09 16:53:46.148 +01:00 [INF] Executed action JurMaps.Controllers.MapsController.GetCountryNames (JurMaps) in 9.5823ms
2025-03-09 16:53:46.150 +01:00 [INF] Executed endpoint 'JurMaps.Controllers.MapsController.GetCountryNames (JurMaps)'
2025-03-09 16:53:46.151 +01:00 [INF] Request finished HTTP/2 GET https://localhost:7299/api/maps/getcountrynames - - - 200 - application/json;+charset=utf-8 16.7757ms
2025-03-09 17:00:38.617 +01:00 [INF] Request starting HTTP/1.1 POST https://localhost:7299/api/auth/loginuser application/json 48
2025-03-09 17:00:38.618 +01:00 [INF] Executing endpoint 'JurMaps.Controllers.AuthController.LoginUser (JurMaps)'
2025-03-09 17:00:38.619 +01:00 [INF] Route matched with {action = "LoginUser", controller = "Auth"}. Executing controller action with signature System.Threading.Tasks.Task`1[ControllerResult`1[System.Object]] LoginUser(JurMaps.Model.DTO.LoginDto) on controller JurMaps.Controllers.AuthController (JurMaps).
2025-03-09 17:00:44.342 +01:00 [INF] Executed DbCommand (3ms) [Parameters=[@__email_0='?'], CommandType='"Text"', CommandTimeout='30']
SELECT u."UserId", u."IsVerified", u."LastVerificationEmailSent", u."ResetPasswordToken", u."ResetPasswordTokenExpiration", u."UserCreatedDate", u."UserEmail", u."UserName", u."UserPassword", u."UserProfilePicture", u."UserRoleId", u."VerificationToken", u."VerificationTokenExpiration", r."RoleId", r."RoleName"
FROM "Users" AS u
LEFT JOIN "Roles" AS r ON u."UserRoleId" = r."RoleId"
WHERE u."UserEmail" = @__email_0
LIMIT 1
2025-03-09 17:00:56.268 +01:00 [INF] Executing ObjectResult, writing value of type 'ControllerResult`1[[System.Object, System.Private.CoreLib, Version=7.0.0.0, Culture=neutral, PublicKeyToken=7cec85d7bea7798e]]'.
2025-03-09 17:00:56.269 +01:00 [INF] Executed action JurMaps.Controllers.AuthController.LoginUser (JurMaps) in 17648.7501ms
2025-03-09 17:00:56.270 +01:00 [INF] Executed endpoint 'JurMaps.Controllers.AuthController.LoginUser (JurMaps)'
2025-03-09 17:00:56.271 +01:00 [INF] Request finished HTTP/1.1 POST https://localhost:7299/api/auth/loginuser application/json 48 - 200 - application/json;+charset=utf-8 17654.1264ms
2025-03-09 17:03:19.750 +01:00 [INF] Request starting HTTP/1.1 POST https://localhost:7299/api/auth/loginuser application/json 48
2025-03-09 17:03:19.751 +01:00 [INF] Executing endpoint 'JurMaps.Controllers.AuthController.LoginUser (JurMaps)'
2025-03-09 17:03:19.752 +01:00 [INF] Route matched with {action = "LoginUser", controller = "Auth"}. Executing controller action with signature System.Threading.Tasks.Task`1[ControllerResult`1[System.Object]] LoginUser(JurMaps.Model.DTO.LoginDto) on controller JurMaps.Controllers.AuthController (JurMaps).
2025-03-09 17:03:25.270 +01:00 [INF] Executed DbCommand (1ms) [Parameters=[@__email_0='?'], CommandType='"Text"', CommandTimeout='30']
SELECT u."UserId", u."IsVerified", u."LastVerificationEmailSent", u."ResetPasswordToken", u."ResetPasswordTokenExpiration", u."UserCreatedDate", u."UserEmail", u."UserName", u."UserPassword", u."UserProfilePicture", u."UserRoleId", u."VerificationToken", u."VerificationTokenExpiration", r."RoleId", r."RoleName"
FROM "Users" AS u
LEFT JOIN "Roles" AS r ON u."UserRoleId" = r."RoleId"
WHERE u."UserEmail" = @__email_0
LIMIT 1
2025-03-09 17:03:37.274 +01:00 [INF] Executing ObjectResult, writing value of type 'ControllerResult`1[[System.Object, System.Private.CoreLib, Version=7.0.0.0, Culture=neutral, PublicKeyToken=7cec85d7bea7798e]]'.
2025-03-09 17:03:37.277 +01:00 [INF] Executed action JurMaps.Controllers.AuthController.LoginUser (JurMaps) in 17523.1262ms
2025-03-09 17:03:37.278 +01:00 [INF] Executed endpoint 'JurMaps.Controllers.AuthController.LoginUser (JurMaps)'
2025-03-09 17:03:37.279 +01:00 [INF] Request finished HTTP/1.1 POST https://localhost:7299/api/auth/loginuser application/json 48 - 200 - application/json;+charset=utf-8 17528.4596ms
2025-03-09 17:05:27.449 +01:00 [INF] Request starting HTTP/1.1 POST https://localhost:7299/api/auth/loginuser application/json 48
2025-03-09 17:05:27.450 +01:00 [INF] Executing endpoint 'JurMaps.Controllers.AuthController.LoginUser (JurMaps)'
2025-03-09 17:05:27.451 +01:00 [INF] Route matched with {action = "LoginUser", controller = "Auth"}. Executing controller action with signature System.Threading.Tasks.Task`1[ControllerResult`1[System.Object]] LoginUser(JurMaps.Model.DTO.LoginDto) on controller JurMaps.Controllers.AuthController (JurMaps).
2025-03-09 17:05:33.275 +01:00 [INF] Executed DbCommand (1ms) [Parameters=[@__email_0='?'], CommandType='"Text"', CommandTimeout='30']
SELECT u."UserId", u."IsVerified", u."LastVerificationEmailSent", u."ResetPasswordToken", u."ResetPasswordTokenExpiration", u."UserCreatedDate", u."UserEmail", u."UserName", u."UserPassword", u."UserProfilePicture", u."UserRoleId", u."VerificationToken", u."VerificationTokenExpiration", r."RoleId", r."RoleName"
FROM "Users" AS u
LEFT JOIN "Roles" AS r ON u."UserRoleId" = r."RoleId"
WHERE u."UserEmail" = @__email_0
LIMIT 1
2025-03-09 17:05:45.271 +01:00 [INF] Executing ObjectResult, writing value of type 'ControllerResult`1[[System.Object, System.Private.CoreLib, Version=7.0.0.0, Culture=neutral, PublicKeyToken=7cec85d7bea7798e]]'.
2025-03-09 17:05:45.272 +01:00 [INF] Executed action JurMaps.Controllers.AuthController.LoginUser (JurMaps) in 17819.6988ms
2025-03-09 17:05:45.273 +01:00 [INF] Executed endpoint 'JurMaps.Controllers.AuthController.LoginUser (JurMaps)'
2025-03-09 17:05:45.274 +01:00 [INF] Request finished HTTP/1.1 POST https://localhost:7299/api/auth/loginuser application/json 48 - 200 - application/json;+charset=utf-8 17825.1444ms
2025-03-09 20:27:54.951 +01:00 [INF] User profile is available. Using 'C:\Users\ostat\AppData\Local\ASP.NET\DataProtection-Keys' as key repository and Windows DPAPI to encrypt keys at rest.
2025-03-09 20:27:55.074 +01:00 [WRN] Overriding address(es) 'https://localhost:7299'. Binding to endpoints defined via IConfiguration and/or UseKestrel() instead.
2025-03-09 20:27:55.143 +01:00 [INF] Now listening on: https://localhost:7299
2025-03-09 20:27:55.144 +01:00 [INF] Application started. Press Ctrl+C to shut down.
2025-03-09 20:27:55.144 +01:00 [INF] Hosting environment: Development
2025-03-09 20:27:55.145 +01:00 [INF] Content root path: E:\jurmaps2
2025-03-09 20:27:55.822 +01:00 [INF] Request starting HTTP/2 GET https://localhost:7299/ - -
2025-03-09 20:27:59.980 +01:00 [INF] No SPA development server running at http://localhost:3000 found.
2025-03-09 20:28:00.095 +01:00 [INF] SPA proxy is not ready. Returning temporary landing page.
2025-03-09 20:28:00.099 +01:00 [INF] Request finished HTTP/2 GET https://localhost:7299/ - - - 200 - text/html 4279.7399ms
2025-03-09 20:28:00.170 +01:00 [INF] Request starting HTTP/2 GET https://localhost:7299/favicon.ico - -
2025-03-09 20:28:00.479 +01:00 [INF] Request finished HTTP/2 GET https://localhost:7299/favicon.ico - - - 404 0 - 309.1121ms
2025-03-09 20:28:03.148 +01:00 [INF] Request starting HTTP/2 GET https://localhost:7299/ - -
2025-03-09 20:28:07.237 +01:00 [INF] SPA proxy is not ready. Returning temporary landing page.
2025-03-09 20:28:07.238 +01:00 [INF] Request finished HTTP/2 GET https://localhost:7299/ - - - 200 - text/html 4090.2899ms
2025-03-09 20:28:10.268 +01:00 [INF] Request starting HTTP/2 GET https://localhost:7299/ - -
2025-03-09 20:28:20.274 +01:00 [INF] SPA proxy is not ready. Returning temporary landing page.
2025-03-09 20:28:20.275 +01:00 [INF] Request finished HTTP/2 GET https://localhost:7299/ - - - 200 - text/html 10007.2625ms
2025-03-09 20:28:23.294 +01:00 [INF] Request starting HTTP/2 GET https://localhost:7299/ - -
2025-03-09 20:28:25.620 +01:00 [INF] SPA development server running at 'http://localhost:3000'
2025-03-09 20:28:25.767 +01:00 [INF] SPA proxy is ready. Redirecting to http://localhost:3000.
2025-03-09 20:28:25.768 +01:00 [INF] Request finished HTTP/2 GET https://localhost:7299/ - - - 302 0 - 2474.7030ms
2025-03-09 20:29:10.129 +01:00 [INF] Request starting HTTP/1.1 POST https://localhost:7299/api/auth/loginuser application/json 48
2025-03-09 20:29:10.144 +01:00 [INF] Executing endpoint 'JurMaps.Controllers.AuthController.LoginUser (JurMaps)'
2025-03-09 20:29:10.168 +01:00 [INF] Route matched with {action = "LoginUser", controller = "Auth"}. Executing controller action with signature System.Threading.Tasks.Task`1[ControllerResult`1[System.Object]] LoginUser(JurMaps.Model.DTO.LoginDto) on controller JurMaps.Controllers.AuthController (JurMaps).
2025-03-09 20:29:26.986 +01:00 [INF] Executed DbCommand (27ms) [Parameters=[@__email_0='?'], CommandType='"Text"', CommandTimeout='30']
SELECT u."UserId", u."IsVerified", u."LastVerificationEmailSent", u."ResetPasswordToken", u."ResetPasswordTokenExpiration", u."UserCreatedDate", u."UserEmail", u."UserName", u."UserPassword", u."UserProfilePicture", u."UserRoleId", u."VerificationToken", u."VerificationTokenExpiration", r."RoleId", r."RoleName"
FROM "Users" AS u
LEFT JOIN "Roles" AS r ON u."UserRoleId" = r."RoleId"
WHERE u."UserEmail" = @__email_0
LIMIT 1
2025-03-09 20:29:37.685 +01:00 [INF] Executing ObjectResult, writing value of type 'ControllerResult`1[[System.Object, System.Private.CoreLib, Version=7.0.0.0, Culture=neutral, PublicKeyToken=7cec85d7bea7798e]]'.
2025-03-09 20:29:37.710 +01:00 [INF] Executed action JurMaps.Controllers.AuthController.LoginUser (JurMaps) in 27537.314ms
2025-03-09 20:29:37.712 +01:00 [INF] Executed endpoint 'JurMaps.Controllers.AuthController.LoginUser (JurMaps)'
2025-03-09 20:29:37.718 +01:00 [INF] Request finished HTTP/1.1 POST https://localhost:7299/api/auth/loginuser application/json 48 - 200 - application/json;+charset=utf-8 27589.1177ms
2025-03-09 20:31:51.947 +01:00 [INF] Request starting HTTP/1.1 POST https://localhost:7299/api/auth/loginuser application/json 48
2025-03-09 20:31:51.955 +01:00 [INF] Executing endpoint 'JurMaps.Controllers.AuthController.LoginUser (JurMaps)'
2025-03-09 20:31:51.957 +01:00 [INF] Route matched with {action = "LoginUser", controller = "Auth"}. Executing controller action with signature System.Threading.Tasks.Task`1[ControllerResult`1[System.Object]] LoginUser(JurMaps.Model.DTO.LoginDto) on controller JurMaps.Controllers.AuthController (JurMaps).
2025-03-09 20:31:57.677 +01:00 [INF] Executed DbCommand (26ms) [Parameters=[@__email_0='?'], CommandType='"Text"', CommandTimeout='30']
SELECT u."UserId", u."IsVerified", u."LastVerificationEmailSent", u."ResetPasswordToken", u."ResetPasswordTokenExpiration", u."UserCreatedDate", u."UserEmail", u."UserName", u."UserPassword", u."UserProfilePicture", u."UserRoleId", u."VerificationToken", u."VerificationTokenExpiration", r."RoleId", r."RoleName"
FROM "Users" AS u
LEFT JOIN "Roles" AS r ON u."UserRoleId" = r."RoleId"
WHERE u."UserEmail" = @__email_0
LIMIT 1
2025-03-09 20:32:09.637 +01:00 [INF] Executing ObjectResult, writing value of type 'ControllerResult`1[[System.Object, System.Private.CoreLib, Version=7.0.0.0, Culture=neutral, PublicKeyToken=7cec85d7bea7798e]]'.
2025-03-09 20:32:09.639 +01:00 [INF] Executed action JurMaps.Controllers.AuthController.LoginUser (JurMaps) in 17678.5504ms
2025-03-09 20:32:09.640 +01:00 [INF] Executed endpoint 'JurMaps.Controllers.AuthController.LoginUser (JurMaps)'
2025-03-09 20:32:09.641 +01:00 [INF] Request finished HTTP/1.1 POST https://localhost:7299/api/auth/loginuser application/json 48 - 200 - application/json;+charset=utf-8 17693.9119ms
2025-03-09 20:32:56.284 +01:00 [INF] Request starting HTTP/1.1 POST https://localhost:7299/api/auth/loginuser application/json 48
2025-03-09 20:32:56.285 +01:00 [INF] Executing endpoint 'JurMaps.Controllers.AuthController.LoginUser (JurMaps)'
2025-03-09 20:32:56.286 +01:00 [INF] Route matched with {action = "LoginUser", controller = "Auth"}. Executing controller action with signature System.Threading.Tasks.Task`1[ControllerResult`1[System.Object]] LoginUser(JurMaps.Model.DTO.LoginDto) on controller JurMaps.Controllers.AuthController (JurMaps).
2025-03-09 20:33:01.694 +01:00 [INF] Executed DbCommand (1ms) [Parameters=[@__email_0='?'], CommandType='"Text"', CommandTimeout='30']
SELECT u."UserId", u."IsVerified", u."LastVerificationEmailSent", u."ResetPasswordToken", u."ResetPasswordTokenExpiration", u."UserCreatedDate", u."UserEmail", u."UserName", u."UserPassword", u."UserProfilePicture", u."UserRoleId", u."VerificationToken", u."VerificationTokenExpiration", r."RoleId", r."RoleName"
FROM "Users" AS u
LEFT JOIN "Roles" AS r ON u."UserRoleId" = r."RoleId"
WHERE u."UserEmail" = @__email_0
LIMIT 1
2025-03-09 20:33:13.638 +01:00 [INF] Executing ObjectResult, writing value of type 'ControllerResult`1[[System.Object, System.Private.CoreLib, Version=7.0.0.0, Culture=neutral, PublicKeyToken=7cec85d7bea7798e]]'.
2025-03-09 20:33:13.639 +01:00 [INF] Executed action JurMaps.Controllers.AuthController.LoginUser (JurMaps) in 17351.5639ms
2025-03-09 20:33:13.640 +01:00 [INF] Executed endpoint 'JurMaps.Controllers.AuthController.LoginUser (JurMaps)'
2025-03-09 20:33:13.641 +01:00 [INF] Request finished HTTP/1.1 POST https://localhost:7299/api/auth/loginuser application/json 48 - 200 - application/json;+charset=utf-8 17356.5555ms
2025-03-09 20:35:52.476 +01:00 [INF] Request starting HTTP/1.1 POST https://localhost:7299/api/auth/loginuser application/json 48
2025-03-09 20:35:52.477 +01:00 [INF] Executing endpoint 'JurMaps.Controllers.AuthController.LoginUser (JurMaps)'
2025-03-09 20:35:52.478 +01:00 [INF] Route matched with {action = "LoginUser", controller = "Auth"}. Executing controller action with signature System.Threading.Tasks.Task`1[ControllerResult`1[System.Object]] LoginUser(JurMaps.Model.DTO.LoginDto) on controller JurMaps.Controllers.AuthController (JurMaps).
2025-03-09 20:35:57.673 +01:00 [INF] Executed DbCommand (3ms) [Parameters=[@__email_0='?'], CommandType='"Text"', CommandTimeout='30']
SELECT u."UserId", u."IsVerified", u."LastVerificationEmailSent", u."ResetPasswordToken", u."ResetPasswordTokenExpiration", u."UserCreatedDate", u."UserEmail", u."UserName", u."UserPassword", u."UserProfilePicture", u."UserRoleId", u."VerificationToken", u."VerificationTokenExpiration", r."RoleId", r."RoleName"
FROM "Users" AS u
LEFT JOIN "Roles" AS r ON u."UserRoleId" = r."RoleId"
WHERE u."UserEmail" = @__email_0
LIMIT 1
2025-03-09 20:36:09.642 +01:00 [INF] Executing ObjectResult, writing value of type 'ControllerResult`1[[System.Object, System.Private.CoreLib, Version=7.0.0.0, Culture=neutral, PublicKeyToken=7cec85d7bea7798e]]'.
2025-03-09 20:36:09.643 +01:00 [INF] Executed action JurMaps.Controllers.AuthController.LoginUser (JurMaps) in 17163.4132ms
2025-03-09 20:36:09.643 +01:00 [INF] Executed endpoint 'JurMaps.Controllers.AuthController.LoginUser (JurMaps)'
2025-03-09 20:36:09.644 +01:00 [INF] Request finished HTTP/1.1 POST https://localhost:7299/api/auth/loginuser application/json 48 - 200 - application/json;+charset=utf-8 17167.9385ms
