2025-03-05 10:53:11.191 +01:00 [INF] User profile is available. Using 'C:\Users\ostat\AppData\Local\ASP.NET\DataProtection-Keys' as key repository and Windows DPAPI to encrypt keys at rest.
2025-03-05 10:53:11.570 +01:00 [INF] Now listening on: https://localhost:7299
2025-03-05 10:53:11.571 +01:00 [INF] Now listening on: http://localhost:5111
2025-03-05 10:53:11.574 +01:00 [INF] Application started. Press Ctrl+C to shut down.
2025-03-05 10:53:11.575 +01:00 [INF] Hosting environment: Development
2025-03-05 10:53:11.576 +01:00 [INF] Content root path: E:\jurmaps2
2025-03-05 10:53:14.875 +01:00 [INF] Request starting HTTP/2 GET https://localhost:7299/ - -
2025-03-05 10:53:19.006 +01:00 [INF] No SPA development server running at http://localhost:3000 found.
2025-03-05 10:53:19.120 +01:00 [INF] SPA proxy is not ready. Returning temporary landing page.
2025-03-05 10:53:19.126 +01:00 [INF] Request finished HTTP/2 GET https://localhost:7299/ - - - 200 - text/html 4252.9461ms
2025-03-05 10:53:19.204 +01:00 [INF] Request starting HTTP/2 GET https://localhost:7299/favicon.ico - -
2025-03-05 10:53:20.124 +01:00 [INF] Request finished HTTP/2 GET https://localhost:7299/favicon.ico - - - 404 0 - 919.9376ms
2025-03-05 10:53:22.198 +01:00 [INF] Request starting HTTP/2 GET https://localhost:7299/ - -
2025-03-05 10:53:26.264 +01:00 [INF] SPA proxy is not ready. Returning temporary landing page.
2025-03-05 10:53:26.265 +01:00 [INF] Request finished HTTP/2 GET https://localhost:7299/ - - - 200 - text/html 4067.7350ms
2025-03-05 10:53:29.296 +01:00 [INF] Request starting HTTP/2 GET https://localhost:7299/ - -
2025-03-05 10:53:33.375 +01:00 [INF] SPA proxy is not ready. Returning temporary landing page.
2025-03-05 10:53:33.376 +01:00 [INF] Request finished HTTP/2 GET https://localhost:7299/ - - - 200 - text/html 4080.1451ms
2025-03-05 10:53:36.403 +01:00 [INF] Request starting HTTP/2 GET https://localhost:7299/ - -
2025-03-05 10:53:46.415 +01:00 [INF] SPA proxy is not ready. Returning temporary landing page.
2025-03-05 10:53:46.416 +01:00 [INF] Request finished HTTP/2 GET https://localhost:7299/ - - - 200 - text/html 10013.2012ms
2025-03-05 10:53:49.447 +01:00 [INF] Request starting HTTP/2 GET https://localhost:7299/ - -
2025-03-05 10:53:59.454 +01:00 [INF] SPA proxy is not ready. Returning temporary landing page.
2025-03-05 10:53:59.456 +01:00 [INF] Request finished HTTP/2 GET https://localhost:7299/ - - - 200 - text/html 10009.0265ms
2025-03-05 10:54:01.517 +01:00 [INF] SPA development server running at 'http://localhost:3000'
2025-03-05 10:54:02.476 +01:00 [INF] Request starting HTTP/2 GET https://localhost:7299/ - -
2025-03-05 10:54:02.535 +01:00 [INF] SPA proxy is ready. Redirecting to http://localhost:3000.
2025-03-05 10:54:02.537 +01:00 [INF] Request finished HTTP/2 GET https://localhost:7299/ - - - 302 0 - 60.6737ms
