2025-03-10 20:31:13.147 +01:00 [INF] User profile is available. Using 'C:\Users\ostat\AppData\Local\ASP.NET\DataProtection-Keys' as key repository and Windows DPAPI to encrypt keys at rest.
2025-03-10 20:31:13.465 +01:00 [WRN] Overriding address(es) 'https://localhost:7299'. Binding to endpoints defined via IConfiguration and/or UseKestrel() instead.
2025-03-10 20:31:13.544 +01:00 [INF] Now listening on: https://localhost:7299
2025-03-10 20:31:13.545 +01:00 [INF] Application started. Press Ctrl+C to shut down.
2025-03-10 20:31:13.546 +01:00 [INF] Hosting environment: Development
2025-03-10 20:31:13.547 +01:00 [INF] Content root path: E:\jurmaps2
2025-03-10 20:31:16.940 +01:00 [INF] Request starting HTTP/2 GET https://localhost:7299/ - -
2025-03-10 20:31:21.081 +01:00 [INF] No SPA development server running at http://localhost:3000 found.
2025-03-10 20:31:21.186 +01:00 [INF] SPA proxy is not ready. Returning temporary landing page.
2025-03-10 20:31:21.199 +01:00 [INF] Request finished HTTP/2 GET https://localhost:7299/ - - - 200 - text/html 4262.3425ms
2025-03-10 20:31:21.279 +01:00 [INF] Request starting HTTP/2 GET https://localhost:7299/favicon.ico - -
2025-03-10 20:31:22.232 +01:00 [INF] Request finished HTTP/2 GET https://localhost:7299/favicon.ico - - - 404 0 - 953.8002ms
2025-03-10 20:31:24.275 +01:00 [INF] Request starting HTTP/2 GET https://localhost:7299/ - -
2025-03-10 20:31:28.352 +01:00 [INF] SPA proxy is not ready. Returning temporary landing page.
2025-03-10 20:31:28.353 +01:00 [INF] Request finished HTTP/2 GET https://localhost:7299/ - - - 200 - text/html 4077.2851ms
2025-03-10 20:31:31.377 +01:00 [INF] Request starting HTTP/2 GET https://localhost:7299/ - -
2025-03-10 20:31:35.470 +01:00 [INF] SPA proxy is not ready. Returning temporary landing page.
2025-03-10 20:31:35.471 +01:00 [INF] Request finished HTTP/2 GET https://localhost:7299/ - - - 200 - text/html 4094.1260ms
2025-03-10 20:31:38.500 +01:00 [INF] Request starting HTTP/2 GET https://localhost:7299/ - -
2025-03-10 20:31:48.516 +01:00 [INF] SPA proxy is not ready. Returning temporary landing page.
2025-03-10 20:31:48.517 +01:00 [INF] Request finished HTTP/2 GET https://localhost:7299/ - - - 200 - text/html 10017.1140ms
2025-03-10 20:31:51.539 +01:00 [INF] Request starting HTTP/2 GET https://localhost:7299/ - -
2025-03-10 20:32:01.553 +01:00 [INF] SPA proxy is not ready. Returning temporary landing page.
2025-03-10 20:32:01.554 +01:00 [INF] Request finished HTTP/2 GET https://localhost:7299/ - - - 200 - text/html 10014.9063ms
2025-03-10 20:32:04.576 +01:00 [INF] Request starting HTTP/2 GET https://localhost:7299/ - -
2025-03-10 20:32:11.190 +01:00 [INF] SPA proxy is ready. Redirecting to http://localhost:3000.
2025-03-10 20:32:11.191 +01:00 [INF] Request finished HTTP/2 GET https://localhost:7299/ - - - 302 0 - 6614.9400ms
2025-03-10 20:32:11.198 +01:00 [INF] SPA development server running at 'http://localhost:3000'
2025-03-10 20:39:34.450 +01:00 [INF] Request starting HTTP/1.1 POST https://localhost:7299/api/auth/loginuser application/json 48
2025-03-10 20:39:34.497 +01:00 [INF] Executing endpoint 'JurMaps.Controllers.AuthController.LoginUser (JurMaps)'
2025-03-10 20:39:34.555 +01:00 [INF] Route matched with {action = "LoginUser", controller = "Auth"}. Executing controller action with signature System.Threading.Tasks.Task`1[ControllerResult`1[System.Object]] LoginUser(JurMaps.Model.DTO.LoginDto) on controller JurMaps.Controllers.AuthController (JurMaps).
2025-03-10 20:39:52.477 +01:00 [INF] Executed DbCommand (44ms) [Parameters=[@__email_0='?'], CommandType='"Text"', CommandTimeout='30']
SELECT u."UserId", u."IsVerified", u."LastVerificationEmailSent", u."ResetPasswordToken", u."ResetPasswordTokenExpiration", u."UserCreatedDate", u."UserEmail", u."UserName", u."UserPassword", u."UserProfilePicture", u."UserRoleId", u."VerificationToken", u."VerificationTokenExpiration", r."RoleId", r."RoleName"
FROM "Users" AS u
LEFT JOIN "Roles" AS r ON u."UserRoleId" = r."RoleId"
WHERE u."UserEmail" = @__email_0
LIMIT 1
2025-03-10 20:40:05.056 +01:00 [INF] Executing ObjectResult, writing value of type 'ControllerResult`1[[System.Object, System.Private.CoreLib, Version=7.0.0.0, Culture=neutral, PublicKeyToken=7cec85d7bea7798e]]'.
2025-03-10 20:40:05.082 +01:00 [INF] Executed action JurMaps.Controllers.AuthController.LoginUser (JurMaps) in 30522.0725ms
2025-03-10 20:40:05.083 +01:00 [INF] Executed endpoint 'JurMaps.Controllers.AuthController.LoginUser (JurMaps)'
2025-03-10 20:40:05.092 +01:00 [INF] Request finished HTTP/1.1 POST https://localhost:7299/api/auth/loginuser application/json 48 - 200 - application/json;+charset=utf-8 30641.4090ms
2025-03-10 20:40:05.118 +01:00 [INF] Request starting HTTP/1.1 POST https://localhost:7299/api/auth/getusercontextdata application/json 391
2025-03-10 20:40:05.125 +01:00 [INF] Executing endpoint 'JurMaps.Controllers.AuthController.GetUserContextData (JurMaps)'
2025-03-10 20:40:05.131 +01:00 [INF] Route matched with {action = "GetUserContextData", controller = "Auth"}. Executing controller action with signature System.Threading.Tasks.Task`1[ControllerResult`1[JurMaps.Model.DTO.UserContextDto]] GetUserContextData(System.String) on controller JurMaps.Controllers.AuthController (JurMaps).
2025-03-10 20:40:05.153 +01:00 [INF] Executing BadRequestObjectResult, writing value of type 'Microsoft.AspNetCore.Mvc.ValidationProblemDetails'.
2025-03-10 20:40:05.180 +01:00 [INF] Executed action JurMaps.Controllers.AuthController.GetUserContextData (JurMaps) in 47.7827ms
2025-03-10 20:40:05.182 +01:00 [INF] Executed endpoint 'JurMaps.Controllers.AuthController.GetUserContextData (JurMaps)'
2025-03-10 20:40:05.183 +01:00 [INF] Request finished HTTP/1.1 POST https://localhost:7299/api/auth/getusercontextdata application/json 391 - 400 - application/problem+json;+charset=utf-8 64.7225ms
2025-03-10 20:40:33.638 +01:00 [INF] Request starting HTTP/1.1 POST https://localhost:7299/api/auth/getusercontextdata application/json 391
2025-03-10 20:40:33.640 +01:00 [INF] Executing endpoint 'JurMaps.Controllers.AuthController.GetUserContextData (JurMaps)'
2025-03-10 20:40:33.646 +01:00 [INF] Route matched with {action = "GetUserContextData", controller = "Auth"}. Executing controller action with signature System.Threading.Tasks.Task`1[ControllerResult`1[JurMaps.Model.DTO.UserContextDto]] GetUserContextData(System.String) on controller JurMaps.Controllers.AuthController (JurMaps).
2025-03-10 20:40:33.682 +01:00 [INF] Executing BadRequestObjectResult, writing value of type 'Microsoft.AspNetCore.Mvc.ValidationProblemDetails'.
2025-03-10 20:40:33.691 +01:00 [INF] Executed action JurMaps.Controllers.AuthController.GetUserContextData (JurMaps) in 32.5439ms
2025-03-10 20:40:33.694 +01:00 [INF] Executed endpoint 'JurMaps.Controllers.AuthController.GetUserContextData (JurMaps)'
2025-03-10 20:40:33.695 +01:00 [INF] Request finished HTTP/1.1 POST https://localhost:7299/api/auth/getusercontextdata application/json 391 - 400 - application/problem+json;+charset=utf-8 57.3263ms
2025-03-10 20:42:35.632 +01:00 [INF] Request starting HTTP/1.1 POST https://localhost:7299/api/auth/getusercontextdata application/json 0
2025-03-10 20:42:35.689 +01:00 [INF] Executing endpoint 'JurMaps.Controllers.AuthController.GetUserContextData (JurMaps)'
2025-03-10 20:42:35.690 +01:00 [INF] Route matched with {action = "GetUserContextData", controller = "Auth"}. Executing controller action with signature System.Threading.Tasks.Task`1[ControllerResult`1[JurMaps.Model.DTO.UserContextDto]] GetUserContextData(System.String) on controller JurMaps.Controllers.AuthController (JurMaps).
2025-03-10 20:42:35.697 +01:00 [INF] Executing BadRequestObjectResult, writing value of type 'Microsoft.AspNetCore.Mvc.ValidationProblemDetails'.
2025-03-10 20:42:35.699 +01:00 [INF] Executed action JurMaps.Controllers.AuthController.GetUserContextData (JurMaps) in 7.173ms
2025-03-10 20:42:35.701 +01:00 [INF] Executed endpoint 'JurMaps.Controllers.AuthController.GetUserContextData (JurMaps)'
2025-03-10 20:42:35.703 +01:00 [INF] Request finished HTTP/1.1 POST https://localhost:7299/api/auth/getusercontextdata application/json 0 - 400 - application/problem+json;+charset=utf-8 70.2943ms
2025-03-10 20:43:28.491 +01:00 [INF] User profile is available. Using 'C:\Users\ostat\AppData\Local\ASP.NET\DataProtection-Keys' as key repository and Windows DPAPI to encrypt keys at rest.
2025-03-10 20:43:28.622 +01:00 [WRN] Overriding address(es) 'https://localhost:7299'. Binding to endpoints defined via IConfiguration and/or UseKestrel() instead.
2025-03-10 20:43:28.661 +01:00 [INF] Now listening on: https://localhost:7299
2025-03-10 20:43:28.662 +01:00 [INF] Application started. Press Ctrl+C to shut down.
2025-03-10 20:43:28.662 +01:00 [INF] Hosting environment: Development
2025-03-10 20:43:28.663 +01:00 [INF] Content root path: E:\jurmaps2
2025-03-10 20:43:29.109 +01:00 [INF] Request starting HTTP/2 GET https://localhost:7299/ - -
2025-03-10 20:43:33.235 +01:00 [INF] No SPA development server running at http://localhost:3000 found.
2025-03-10 20:43:33.322 +01:00 [INF] SPA proxy is not ready. Returning temporary landing page.
2025-03-10 20:43:33.328 +01:00 [INF] Request finished HTTP/2 GET https://localhost:7299/ - - - 200 - text/html 4222.2006ms
2025-03-10 20:43:33.402 +01:00 [INF] Request starting HTTP/2 GET https://localhost:7299/favicon.ico - -
2025-03-10 20:43:33.536 +01:00 [INF] Request finished HTTP/2 GET https://localhost:7299/favicon.ico - - - 404 0 - 134.5891ms
2025-03-10 20:43:36.413 +01:00 [INF] Request starting HTTP/2 GET https://localhost:7299/ - -
2025-03-10 20:43:41.178 +01:00 [INF] SPA proxy is ready. Redirecting to http://localhost:3000.
2025-03-10 20:43:41.180 +01:00 [INF] Request finished HTTP/2 GET https://localhost:7299/ - - - 302 0 - 4766.7334ms
2025-03-10 20:43:41.189 +01:00 [INF] SPA development server running at 'http://localhost:3000'
2025-03-10 20:44:54.372 +01:00 [INF] Request starting HTTP/1.1 POST https://localhost:7299/api/auth/loginuser application/json 48
2025-03-10 20:44:54.387 +01:00 [INF] Executing endpoint 'JurMaps.Controllers.AuthController.LoginUser (JurMaps)'
2025-03-10 20:44:54.424 +01:00 [INF] Route matched with {action = "LoginUser", controller = "Auth"}. Executing controller action with signature System.Threading.Tasks.Task`1[ControllerResult`1[System.Object]] LoginUser(JurMaps.Model.DTO.LoginDto) on controller JurMaps.Controllers.AuthController (JurMaps).
2025-03-10 20:45:10.916 +01:00 [INF] Executed DbCommand (22ms) [Parameters=[@__email_0='?'], CommandType='"Text"', CommandTimeout='30']
SELECT u."UserId", u."IsVerified", u."LastVerificationEmailSent", u."ResetPasswordToken", u."ResetPasswordTokenExpiration", u."UserCreatedDate", u."UserEmail", u."UserName", u."UserPassword", u."UserProfilePicture", u."UserRoleId", u."VerificationToken", u."VerificationTokenExpiration", r."RoleId", r."RoleName"
FROM "Users" AS u
LEFT JOIN "Roles" AS r ON u."UserRoleId" = r."RoleId"
WHERE u."UserEmail" = @__email_0
LIMIT 1
2025-03-10 20:45:22.861 +01:00 [INF] Executing ObjectResult, writing value of type 'ControllerResult`1[[System.Object, System.Private.CoreLib, Version=7.0.0.0, Culture=neutral, PublicKeyToken=7cec85d7bea7798e]]'.
2025-03-10 20:45:22.885 +01:00 [INF] Executed action JurMaps.Controllers.AuthController.LoginUser (JurMaps) in 28456.8361ms
2025-03-10 20:45:22.887 +01:00 [INF] Executed endpoint 'JurMaps.Controllers.AuthController.LoginUser (JurMaps)'
2025-03-10 20:45:22.895 +01:00 [INF] Request finished HTTP/1.1 POST https://localhost:7299/api/auth/loginuser application/json 48 - 200 - application/json;+charset=utf-8 28522.8048ms
2025-03-10 20:45:22.923 +01:00 [INF] Request starting HTTP/1.1 POST https://localhost:7299/api/auth/getusercontextdata application/json 0
2025-03-10 20:45:22.987 +01:00 [INF] Executing endpoint 'JurMaps.Controllers.AuthController.GetUserContextData (JurMaps)'
2025-03-10 20:45:22.999 +01:00 [INF] Route matched with {action = "GetUserContextData", controller = "Auth"}. Executing controller action with signature System.Threading.Tasks.Task`1[ControllerResult`1[JurMaps.Model.DTO.UserContextDto]] GetUserContextData(System.String) on controller JurMaps.Controllers.AuthController (JurMaps).
2025-03-10 20:46:44.405 +01:00 [INF] User profile is available. Using 'C:\Users\ostat\AppData\Local\ASP.NET\DataProtection-Keys' as key repository and Windows DPAPI to encrypt keys at rest.
2025-03-10 20:46:44.540 +01:00 [WRN] Overriding address(es) 'https://localhost:7299'. Binding to endpoints defined via IConfiguration and/or UseKestrel() instead.
2025-03-10 20:46:44.577 +01:00 [INF] Now listening on: https://localhost:7299
2025-03-10 20:46:44.578 +01:00 [INF] Application started. Press Ctrl+C to shut down.
2025-03-10 20:46:44.578 +01:00 [INF] Hosting environment: Development
2025-03-10 20:46:44.579 +01:00 [INF] Content root path: E:\jurmaps2
2025-03-10 20:46:45.169 +01:00 [INF] Request starting HTTP/2 GET https://localhost:7299/ - -
2025-03-10 20:46:49.310 +01:00 [INF] No SPA development server running at http://localhost:3000 found.
2025-03-10 20:46:49.391 +01:00 [INF] SPA proxy is not ready. Returning temporary landing page.
2025-03-10 20:46:49.396 +01:00 [INF] Request finished HTTP/2 GET https://localhost:7299/ - - - 200 - text/html 4229.3313ms
2025-03-10 20:46:49.495 +01:00 [INF] Request starting HTTP/2 GET https://localhost:7299/favicon.ico - -
2025-03-10 20:46:49.615 +01:00 [INF] Request finished HTTP/2 GET https://localhost:7299/favicon.ico - - - 404 0 - 120.0510ms
2025-03-10 20:46:52.491 +01:00 [INF] Request starting HTTP/2 GET https://localhost:7299/ - -
2025-03-10 20:46:57.934 +01:00 [INF] SPA proxy is ready. Redirecting to http://localhost:3000.
2025-03-10 20:46:57.935 +01:00 [INF] Request finished HTTP/2 GET https://localhost:7299/ - - - 302 0 - 5444.0648ms
2025-03-10 20:46:57.944 +01:00 [INF] SPA development server running at 'http://localhost:3000'
2025-03-10 20:48:17.011 +01:00 [INF] Request starting HTTP/1.1 POST https://localhost:7299/api/auth/loginuser application/json 48
2025-03-10 20:48:17.027 +01:00 [INF] Executing endpoint 'JurMaps.Controllers.AuthController.LoginUser (JurMaps)'
2025-03-10 20:48:17.051 +01:00 [INF] Route matched with {action = "LoginUser", controller = "Auth"}. Executing controller action with signature System.Threading.Tasks.Task`1[ControllerResult`1[System.Object]] LoginUser(JurMaps.Model.DTO.LoginDto) on controller JurMaps.Controllers.AuthController (JurMaps).
2025-03-10 20:48:33.585 +01:00 [INF] Executed DbCommand (29ms) [Parameters=[@__email_0='?'], CommandType='"Text"', CommandTimeout='30']
SELECT u."UserId", u."IsVerified", u."LastVerificationEmailSent", u."ResetPasswordToken", u."ResetPasswordTokenExpiration", u."UserCreatedDate", u."UserEmail", u."UserName", u."UserPassword", u."UserProfilePicture", u."UserRoleId", u."VerificationToken", u."VerificationTokenExpiration", r."RoleId", r."RoleName"
FROM "Users" AS u
LEFT JOIN "Roles" AS r ON u."UserRoleId" = r."RoleId"
WHERE u."UserEmail" = @__email_0
LIMIT 1
2025-03-10 20:48:44.556 +01:00 [INF] Executing ObjectResult, writing value of type 'ControllerResult`1[[System.Object, System.Private.CoreLib, Version=7.0.0.0, Culture=neutral, PublicKeyToken=7cec85d7bea7798e]]'.
2025-03-10 20:48:44.580 +01:00 [INF] Executed action JurMaps.Controllers.AuthController.LoginUser (JurMaps) in 27524.7093ms
2025-03-10 20:48:44.582 +01:00 [INF] Executed endpoint 'JurMaps.Controllers.AuthController.LoginUser (JurMaps)'
2025-03-10 20:48:44.589 +01:00 [INF] Request finished HTTP/1.1 POST https://localhost:7299/api/auth/loginuser application/json 48 - 200 - application/json;+charset=utf-8 27577.6106ms
2025-03-10 20:48:44.601 +01:00 [INF] Request starting HTTP/1.1 POST https://localhost:7299/api/auth/getusercontextdata application/json 0
2025-03-10 20:48:44.637 +01:00 [INF] Executing endpoint 'JurMaps.Controllers.AuthController.GetUserContextData (JurMaps)'
2025-03-10 20:48:44.641 +01:00 [INF] Route matched with {action = "GetUserContextData", controller = "Auth"}. Executing controller action with signature System.Threading.Tasks.Task`1[ControllerResult`1[JurMaps.Model.DTO.UserContextDto]] GetUserContextData(System.String) on controller JurMaps.Controllers.AuthController (JurMaps).
2025-03-10 20:48:44.718 +01:00 [INF] Executed DbCommand (39ms) [Parameters=[@__userId_0='?' (DbType = Int32)], CommandType='"Text"', CommandTimeout='30']
SELECT u."UserId", u."IsVerified", u."LastVerificationEmailSent", u."ResetPasswordToken", u."ResetPasswordTokenExpiration", u."UserCreatedDate", u."UserEmail", u."UserName", u."UserPassword", u."UserProfilePicture", u."UserRoleId", u."VerificationToken", u."VerificationTokenExpiration"
FROM "Users" AS u
WHERE u."UserId" = @__userId_0
LIMIT 1
2025-03-10 20:48:44.745 +01:00 [INF] Executed DbCommand (1ms) [Parameters=[@__userId_0='?' (DbType = Int32)], CommandType='"Text"', CommandTimeout='30']
SELECT u."UserId", u."IsVerified", u."LastVerificationEmailSent", u."ResetPasswordToken", u."ResetPasswordTokenExpiration", u."UserCreatedDate", u."UserEmail", u."UserName", u."UserPassword", u."UserProfilePicture", u."UserRoleId", u."VerificationToken", u."VerificationTokenExpiration"
FROM "Users" AS u
WHERE u."UserId" = @__userId_0
LIMIT 1
2025-03-10 20:48:44.750 +01:00 [INF] Executing ObjectResult, writing value of type 'ControllerResult`1[[JurMaps.Model.DTO.UserContextDto, JurMaps, Version=1.0.0.0, Culture=neutral, PublicKeyToken=null]]'.
2025-03-10 20:48:44.755 +01:00 [INF] Executed action JurMaps.Controllers.AuthController.GetUserContextData (JurMaps) in 111.2507ms
2025-03-10 20:48:44.756 +01:00 [INF] Executed endpoint 'JurMaps.Controllers.AuthController.GetUserContextData (JurMaps)'
2025-03-10 20:48:44.757 +01:00 [INF] Request finished HTTP/1.1 POST https://localhost:7299/api/auth/getusercontextdata application/json 0 - 200 - application/json;+charset=utf-8 155.7441ms
2025-03-10 20:48:44.763 +01:00 [INF] Request starting HTTP/1.1 POST https://localhost:7299/api/auth/getusercontextdata application/json 0
2025-03-10 20:48:44.766 +01:00 [INF] Executing endpoint 'JurMaps.Controllers.AuthController.GetUserContextData (JurMaps)'
2025-03-10 20:48:44.767 +01:00 [INF] Route matched with {action = "GetUserContextData", controller = "Auth"}. Executing controller action with signature System.Threading.Tasks.Task`1[ControllerResult`1[JurMaps.Model.DTO.UserContextDto]] GetUserContextData(System.String) on controller JurMaps.Controllers.AuthController (JurMaps).
2025-03-10 20:48:44.845 +01:00 [INF] Executed DbCommand (2ms) [Parameters=[@__userId_0='?' (DbType = Int32)], CommandType='"Text"', CommandTimeout='30']
SELECT u."UserId", u."IsVerified", u."LastVerificationEmailSent", u."ResetPasswordToken", u."ResetPasswordTokenExpiration", u."UserCreatedDate", u."UserEmail", u."UserName", u."UserPassword", u."UserProfilePicture", u."UserRoleId", u."VerificationToken", u."VerificationTokenExpiration"
FROM "Users" AS u
WHERE u."UserId" = @__userId_0
LIMIT 1
2025-03-10 20:48:44.850 +01:00 [INF] Executed DbCommand (1ms) [Parameters=[@__userId_0='?' (DbType = Int32)], CommandType='"Text"', CommandTimeout='30']
SELECT u."UserId", u."IsVerified", u."LastVerificationEmailSent", u."ResetPasswordToken", u."ResetPasswordTokenExpiration", u."UserCreatedDate", u."UserEmail", u."UserName", u."UserPassword", u."UserProfilePicture", u."UserRoleId", u."VerificationToken", u."VerificationTokenExpiration"
FROM "Users" AS u
WHERE u."UserId" = @__userId_0
LIMIT 1
2025-03-10 20:48:44.853 +01:00 [INF] Executing ObjectResult, writing value of type 'ControllerResult`1[[JurMaps.Model.DTO.UserContextDto, JurMaps, Version=1.0.0.0, Culture=neutral, PublicKeyToken=null]]'.
2025-03-10 20:48:44.855 +01:00 [INF] Executed action JurMaps.Controllers.AuthController.GetUserContextData (JurMaps) in 83.7359ms
2025-03-10 20:48:44.856 +01:00 [INF] Executed endpoint 'JurMaps.Controllers.AuthController.GetUserContextData (JurMaps)'
2025-03-10 20:48:44.857 +01:00 [INF] Request finished HTTP/1.1 POST https://localhost:7299/api/auth/getusercontextdata application/json 0 - 200 - application/json;+charset=utf-8 93.4183ms
